

================================================================
== Vivado HLS Report for 'doHistStrech'
================================================================
* Date:           Thu Nov 17 23:31:40 2022

* Version:        2018.3 (Build 2405991 on Thu Dec 06 23:56:15 MST 2018)
* Project:        histogram_strech
* Solution:       solution1
* Product family: zynq
* Target device:  xc7z020clg484-1


================================================================
== Performance Estimates
================================================================
+ Timing (ns): 
    * Summary: 
    +--------+-------+----------+------------+
    |  Clock | Target| Estimated| Uncertainty|
    +--------+-------+----------+------------+
    |ap_clk  |  10.00|     8.328|        1.25|
    +--------+-------+----------+------------+

+ Latency (clock cycles): 
    * Summary: 
    +-------+-------+-------+-------+---------+
    |    Latency    |    Interval   | Pipeline|
    |  min  |  max  |  min  |  max  |   Type  |
    +-------+-------+-------+-------+---------+
    |  76834|  76834|  76834|  76834|   none  |
    +-------+-------+-------+-------+---------+

    + Detail: 
        * Instance: 
        N/A

        * Loop: 
        +----------+-------+-------+----------+-----------+-----------+-------+----------+
        |          |    Latency    | Iteration|  Initiation Interval  |  Trip |          |
        | Loop Name|  min  |  max  |  Latency |  achieved |   target  | Count | Pipelined|
        +----------+-------+-------+----------+-----------+-----------+-------+----------+
        |- Loop 1  |  76826|  76826|        28|          1|          1|  76800|    yes   |
        +----------+-------+-------+----------+-----------+-----------+-------+----------+

============================================================
+ Verbose Summary: Synthesis Manager
============================================================
InlineROM: 1
ExposeGlobal: 0
============================================================
+ Verbose Summary: CDFG Model
============================================================
IsTopModel: 1
ResetActiveHigh: 1
IsCombinational: 0
IsDatapathOnly: 0
HasWiredReturn: 1
HasMFsm: 0
HasVarLatency: 1
IsPipeline: 0
IsRtlPipelined: 0
IsInstanceOverlapped: 0
IsDontTouch: 0
HasImplIP: 0
IsGatedGlobalClock: 0

+ Individual pipeline summary: 
  * Pipeline-0: initiation interval (II) = 1, depth = 28


============================================================
+ Verbose Summary: Schedule
============================================================
* Number of FSM states : 36
* Pipeline : 1
  Pipeline-0 : II = 1, D = 28, States = { 8 9 10 11 12 13 14 15 16 17 18 19 20 21 22 23 24 25 26 27 28 29 30 31 32 33 34 35 }
* Dataflow Pipeline: 0

* FSM state transitions: 
1 --> 
	2  / true
2 --> 
	3  / true
3 --> 
	4  / true
4 --> 
	5  / true
5 --> 
	6  / true
6 --> 
	7  / true
7 --> 
	8  / true
8 --> 
	36  / (exitcond)
	9  / (!exitcond)
9 --> 
	10  / true
10 --> 
	11  / true
11 --> 
	12  / true
12 --> 
	13  / true
13 --> 
	14  / true
14 --> 
	15  / true
15 --> 
	16  / true
16 --> 
	17  / true
17 --> 
	18  / true
18 --> 
	19  / true
19 --> 
	20  / true
20 --> 
	21  / true
21 --> 
	22  / true
22 --> 
	23  / true
23 --> 
	24  / true
24 --> 
	25  / true
25 --> 
	26  / true
26 --> 
	27  / true
27 --> 
	28  / true
28 --> 
	29  / true
29 --> 
	30  / true
30 --> 
	31  / true
31 --> 
	32  / true
32 --> 
	33  / true
33 --> 
	34  / true
34 --> 
	35  / true
35 --> 
	8  / true
36 --> 

* FSM state operations: 

State 1 <SV = 0> <Delay = 1.00>
ST_1 : Operation 37 [1/1] (1.00ns)   --->   "%xMax_read = call i8 @_ssdm_op_Read.s_axilite.i8(i8 %xMax)"   --->   Operation 37 'read' 'xMax_read' <Predicate = true> <Delay = 1.00> <Core = "s_axilite">   --->   Core 10 's_axilite' <Latency = 0> <II = 1> <Delay = 1.00> <Adapter> <Opcode : 'read' 'write'>
ST_1 : Operation 38 [1/1] (1.00ns)   --->   "%xMin_read = call i8 @_ssdm_op_Read.s_axilite.i8(i8 %xMin)"   --->   Operation 38 'read' 'xMin_read' <Predicate = true> <Delay = 1.00> <Core = "s_axilite">   --->   Core 10 's_axilite' <Latency = 0> <II = 1> <Delay = 1.00> <Adapter> <Opcode : 'read' 'write'>

State 2 <SV = 1> <Delay = 8.32>
ST_2 : Operation 39 [1/1] (0.00ns)   --->   "%tmp_cast = zext i8 %xMin_read to i9" [histogram_strech/core.cpp:7]   --->   Operation 39 'zext' 'tmp_cast' <Predicate = true> <Delay = 0.00>
ST_2 : Operation 40 [1/1] (0.00ns)   --->   "%tmp_cast_6 = zext i8 %xMax_read to i9" [histogram_strech/core.cpp:8]   --->   Operation 40 'zext' 'tmp_cast_6' <Predicate = true> <Delay = 0.00>
ST_2 : Operation 41 [1/1] (1.91ns)   --->   "%tmp_1 = sub i9 %tmp_cast_6, %tmp_cast" [histogram_strech/core.cpp:10]   --->   Operation 41 'sub' 'tmp_1' <Predicate = true> <Delay = 1.91> <Core = "AddSub">   --->   Core 14 'AddSub' <Latency = 0> <II = 1> <Delay = 1.91> <FuncUnit> <Opcode : 'add' 'sub'> <InPorts = 2> <OutPorts = 1>
ST_2 : Operation 42 [1/1] (0.00ns)   --->   "%xMax_minus_xMin6 = sext i9 %tmp_1 to i32" [histogram_strech/core.cpp:10]   --->   Operation 42 'sext' 'xMax_minus_xMin6' <Predicate = true> <Delay = 0.00>
ST_2 : Operation 43 [6/6] (6.41ns)   --->   "%xMax_minus_xMin = sitofp i32 %xMax_minus_xMin6 to float" [histogram_strech/core.cpp:10]   --->   Operation 43 'sitofp' 'xMax_minus_xMin' <Predicate = true> <Delay = 6.41> <Core = "Int2Float">   --->   Core 111 'Int2Float' <Latency = 5> <II = 1> <Delay = 6.41> <FuncUnit> <Opcode : 'sitofp' 'uitofp'> <InPorts = 1> <OutPorts = 1>

State 3 <SV = 2> <Delay = 6.41>
ST_3 : Operation 44 [5/6] (6.41ns)   --->   "%xMax_minus_xMin = sitofp i32 %xMax_minus_xMin6 to float" [histogram_strech/core.cpp:10]   --->   Operation 44 'sitofp' 'xMax_minus_xMin' <Predicate = true> <Delay = 6.41> <Core = "Int2Float">   --->   Core 111 'Int2Float' <Latency = 5> <II = 1> <Delay = 6.41> <FuncUnit> <Opcode : 'sitofp' 'uitofp'> <InPorts = 1> <OutPorts = 1>

State 4 <SV = 3> <Delay = 6.41>
ST_4 : Operation 45 [4/6] (6.41ns)   --->   "%xMax_minus_xMin = sitofp i32 %xMax_minus_xMin6 to float" [histogram_strech/core.cpp:10]   --->   Operation 45 'sitofp' 'xMax_minus_xMin' <Predicate = true> <Delay = 6.41> <Core = "Int2Float">   --->   Core 111 'Int2Float' <Latency = 5> <II = 1> <Delay = 6.41> <FuncUnit> <Opcode : 'sitofp' 'uitofp'> <InPorts = 1> <OutPorts = 1>

State 5 <SV = 4> <Delay = 6.41>
ST_5 : Operation 46 [3/6] (6.41ns)   --->   "%xMax_minus_xMin = sitofp i32 %xMax_minus_xMin6 to float" [histogram_strech/core.cpp:10]   --->   Operation 46 'sitofp' 'xMax_minus_xMin' <Predicate = true> <Delay = 6.41> <Core = "Int2Float">   --->   Core 111 'Int2Float' <Latency = 5> <II = 1> <Delay = 6.41> <FuncUnit> <Opcode : 'sitofp' 'uitofp'> <InPorts = 1> <OutPorts = 1>

State 6 <SV = 5> <Delay = 6.41>
ST_6 : Operation 47 [2/6] (6.41ns)   --->   "%xMax_minus_xMin = sitofp i32 %xMax_minus_xMin6 to float" [histogram_strech/core.cpp:10]   --->   Operation 47 'sitofp' 'xMax_minus_xMin' <Predicate = true> <Delay = 6.41> <Core = "Int2Float">   --->   Core 111 'Int2Float' <Latency = 5> <II = 1> <Delay = 6.41> <FuncUnit> <Opcode : 'sitofp' 'uitofp'> <InPorts = 1> <OutPorts = 1>

State 7 <SV = 6> <Delay = 6.41>
ST_7 : Operation 48 [1/1] (0.00ns)   --->   "call void (...)* @_ssdm_op_SpecBitsMap(i8* %inStream_V_data_V), !map !33"   --->   Operation 48 'specbitsmap' <Predicate = true> <Delay = 0.00>
ST_7 : Operation 49 [1/1] (0.00ns)   --->   "call void (...)* @_ssdm_op_SpecBitsMap(i1* %inStream_V_keep_V), !map !39"   --->   Operation 49 'specbitsmap' <Predicate = true> <Delay = 0.00>
ST_7 : Operation 50 [1/1] (0.00ns)   --->   "call void (...)* @_ssdm_op_SpecBitsMap(i1* %inStream_V_strb_V), !map !43"   --->   Operation 50 'specbitsmap' <Predicate = true> <Delay = 0.00>
ST_7 : Operation 51 [1/1] (0.00ns)   --->   "call void (...)* @_ssdm_op_SpecBitsMap(i2* %inStream_V_user_V), !map !47"   --->   Operation 51 'specbitsmap' <Predicate = true> <Delay = 0.00>
ST_7 : Operation 52 [1/1] (0.00ns)   --->   "call void (...)* @_ssdm_op_SpecBitsMap(i1* %inStream_V_last_V), !map !51"   --->   Operation 52 'specbitsmap' <Predicate = true> <Delay = 0.00>
ST_7 : Operation 53 [1/1] (0.00ns)   --->   "call void (...)* @_ssdm_op_SpecBitsMap(i5* %inStream_V_id_V), !map !55"   --->   Operation 53 'specbitsmap' <Predicate = true> <Delay = 0.00>
ST_7 : Operation 54 [1/1] (0.00ns)   --->   "call void (...)* @_ssdm_op_SpecBitsMap(i6* %inStream_V_dest_V), !map !59"   --->   Operation 54 'specbitsmap' <Predicate = true> <Delay = 0.00>
ST_7 : Operation 55 [1/1] (0.00ns)   --->   "call void (...)* @_ssdm_op_SpecBitsMap(i8* %outStream_V_data_V), !map !63"   --->   Operation 55 'specbitsmap' <Predicate = true> <Delay = 0.00>
ST_7 : Operation 56 [1/1] (0.00ns)   --->   "call void (...)* @_ssdm_op_SpecBitsMap(i1* %outStream_V_keep_V), !map !67"   --->   Operation 56 'specbitsmap' <Predicate = true> <Delay = 0.00>
ST_7 : Operation 57 [1/1] (0.00ns)   --->   "call void (...)* @_ssdm_op_SpecBitsMap(i1* %outStream_V_strb_V), !map !71"   --->   Operation 57 'specbitsmap' <Predicate = true> <Delay = 0.00>
ST_7 : Operation 58 [1/1] (0.00ns)   --->   "call void (...)* @_ssdm_op_SpecBitsMap(i2* %outStream_V_user_V), !map !75"   --->   Operation 58 'specbitsmap' <Predicate = true> <Delay = 0.00>
ST_7 : Operation 59 [1/1] (0.00ns)   --->   "call void (...)* @_ssdm_op_SpecBitsMap(i1* %outStream_V_last_V), !map !79"   --->   Operation 59 'specbitsmap' <Predicate = true> <Delay = 0.00>
ST_7 : Operation 60 [1/1] (0.00ns)   --->   "call void (...)* @_ssdm_op_SpecBitsMap(i5* %outStream_V_id_V), !map !83"   --->   Operation 60 'specbitsmap' <Predicate = true> <Delay = 0.00>
ST_7 : Operation 61 [1/1] (0.00ns)   --->   "call void (...)* @_ssdm_op_SpecBitsMap(i6* %outStream_V_dest_V), !map !87"   --->   Operation 61 'specbitsmap' <Predicate = true> <Delay = 0.00>
ST_7 : Operation 62 [1/1] (0.00ns)   --->   "call void (...)* @_ssdm_op_SpecBitsMap(i8 %xMin), !map !91"   --->   Operation 62 'specbitsmap' <Predicate = true> <Delay = 0.00>
ST_7 : Operation 63 [1/1] (0.00ns)   --->   "call void (...)* @_ssdm_op_SpecBitsMap(i8 %xMax), !map !97"   --->   Operation 63 'specbitsmap' <Predicate = true> <Delay = 0.00>
ST_7 : Operation 64 [1/1] (0.00ns)   --->   "call void (...)* @_ssdm_op_SpecTopModule([13 x i8]* @doHistStrech_str) nounwind"   --->   Operation 64 'spectopmodule' <Predicate = true> <Delay = 0.00>
ST_7 : Operation 65 [1/1] (0.00ns)   --->   "call void (...)* @_ssdm_op_SpecInterface(i8* %inStream_V_data_V, i1* %inStream_V_keep_V, i1* %inStream_V_strb_V, i2* %inStream_V_user_V, i1* %inStream_V_last_V, i5* %inStream_V_id_V, i6* %inStream_V_dest_V, [5 x i8]* @p_str, i32 1, i32 1, [5 x i8]* @p_str1, i32 0, i32 0, [1 x i8]* @p_str2, [1 x i8]* @p_str2, [1 x i8]* @p_str2, i32 0, i32 0, i32 0, i32 0, [1 x i8]* @p_str2, [1 x i8]* @p_str2) nounwind" [histogram_strech/core.cpp:4]   --->   Operation 65 'specinterface' <Predicate = true> <Delay = 0.00>
ST_7 : Operation 66 [1/1] (0.00ns)   --->   "call void (...)* @_ssdm_op_SpecInterface(i8* %outStream_V_data_V, i1* %outStream_V_keep_V, i1* %outStream_V_strb_V, i2* %outStream_V_user_V, i1* %outStream_V_last_V, i5* %outStream_V_id_V, i6* %outStream_V_dest_V, [5 x i8]* @p_str, i32 1, i32 1, [5 x i8]* @p_str1, i32 0, i32 0, [1 x i8]* @p_str2, [1 x i8]* @p_str2, [1 x i8]* @p_str2, i32 0, i32 0, i32 0, i32 0, [1 x i8]* @p_str2, [1 x i8]* @p_str2) nounwind" [histogram_strech/core.cpp:5]   --->   Operation 66 'specinterface' <Predicate = true> <Delay = 0.00>
ST_7 : Operation 67 [1/1] (0.00ns)   --->   "call void (...)* @_ssdm_op_SpecInterface(i32 0, [10 x i8]* @p_str3, i32 0, i32 0, [1 x i8]* @p_str2, i32 0, i32 0, [9 x i8]* @p_str4, [1 x i8]* @p_str2, [1 x i8]* @p_str2, i32 0, i32 0, i32 0, i32 0, [1 x i8]* @p_str2, [1 x i8]* @p_str2) nounwind" [histogram_strech/core.cpp:6]   --->   Operation 67 'specinterface' <Predicate = true> <Delay = 0.00>
ST_7 : Operation 68 [1/1] (0.00ns)   --->   "call void (...)* @_ssdm_op_SpecInterface(i8 %xMin, [10 x i8]* @p_str3, i32 0, i32 0, [1 x i8]* @p_str2, i32 0, i32 0, [9 x i8]* @p_str4, [1 x i8]* @p_str2, [1 x i8]* @p_str2, i32 0, i32 0, i32 0, i32 0, [1 x i8]* @p_str2, [1 x i8]* @p_str2) nounwind" [histogram_strech/core.cpp:7]   --->   Operation 68 'specinterface' <Predicate = true> <Delay = 0.00>
ST_7 : Operation 69 [1/1] (0.00ns)   --->   "call void (...)* @_ssdm_op_SpecInterface(i8 %xMax, [10 x i8]* @p_str3, i32 0, i32 0, [1 x i8]* @p_str2, i32 0, i32 0, [9 x i8]* @p_str4, [1 x i8]* @p_str2, [1 x i8]* @p_str2, i32 0, i32 0, i32 0, i32 0, [1 x i8]* @p_str2, [1 x i8]* @p_str2) nounwind" [histogram_strech/core.cpp:8]   --->   Operation 69 'specinterface' <Predicate = true> <Delay = 0.00>
ST_7 : Operation 70 [1/6] (6.41ns)   --->   "%xMax_minus_xMin = sitofp i32 %xMax_minus_xMin6 to float" [histogram_strech/core.cpp:10]   --->   Operation 70 'sitofp' 'xMax_minus_xMin' <Predicate = true> <Delay = 6.41> <Core = "Int2Float">   --->   Core 111 'Int2Float' <Latency = 5> <II = 1> <Delay = 6.41> <FuncUnit> <Opcode : 'sitofp' 'uitofp'> <InPorts = 1> <OutPorts = 1>
ST_7 : Operation 71 [1/1] (1.76ns)   --->   "br label %1" [histogram_strech/core.cpp:11]   --->   Operation 71 'br' <Predicate = true> <Delay = 1.76>

State 8 <SV = 7> <Delay = 8.32>
ST_8 : Operation 72 [1/1] (0.00ns)   --->   "%idxPixel = phi i17 [ 0, %0 ], [ %idxPixel_1, %2 ]"   --->   Operation 72 'phi' 'idxPixel' <Predicate = true> <Delay = 0.00>
ST_8 : Operation 73 [1/1] (2.43ns)   --->   "%exitcond = icmp eq i17 %idxPixel, -54272" [histogram_strech/core.cpp:11]   --->   Operation 73 'icmp' 'exitcond' <Predicate = true> <Delay = 2.43> <Core = "Cmp">   --->   Core 25 'Cmp' <Latency = 0> <II = 1> <Delay = 2.43> <FuncUnit> <Opcode : 'icmp'> <InPorts = 2> <OutPorts = 1>
ST_8 : Operation 74 [1/1] (0.00ns)   --->   "%empty = call i32 (...)* @_ssdm_op_SpecLoopTripCount(i64 76800, i64 76800, i64 76800)"   --->   Operation 74 'speclooptripcount' 'empty' <Predicate = true> <Delay = 0.00>
ST_8 : Operation 75 [1/1] (2.10ns)   --->   "%idxPixel_1 = add i17 %idxPixel, 1" [histogram_strech/core.cpp:11]   --->   Operation 75 'add' 'idxPixel_1' <Predicate = true> <Delay = 2.10> <Core = "AddSub">   --->   Core 14 'AddSub' <Latency = 0> <II = 1> <Delay = 1.91> <FuncUnit> <Opcode : 'add' 'sub'> <InPorts = 2> <OutPorts = 1>
ST_8 : Operation 76 [1/1] (0.00ns)   --->   "br i1 %exitcond, label %3, label %2" [histogram_strech/core.cpp:11]   --->   Operation 76 'br' <Predicate = true> <Delay = 0.00>
ST_8 : Operation 77 [1/1] (0.00ns)   --->   "%empty_7 = call { i8, i1, i1, i2, i1, i5, i6 } @_ssdm_op_Read.axis.volatile.i8P.i1P.i1P.i2P.i1P.i5P.i6P(i8* %inStream_V_data_V, i1* %inStream_V_keep_V, i1* %inStream_V_strb_V, i2* %inStream_V_user_V, i1* %inStream_V_last_V, i5* %inStream_V_id_V, i6* %inStream_V_dest_V)" [histogram_strech/core.cpp:14]   --->   Operation 77 'read' 'empty_7' <Predicate = (!exitcond)> <Delay = 0.00> <Core = "AXI4Stream">   --->   Core 5 'AXI4Stream' <Latency = 0> <II = 1> <Delay = 1.00> <Adapter> <Opcode : >
ST_8 : Operation 78 [1/1] (0.00ns) (grouped into LUT with out node tmp_4)   --->   "%tmp_data_V_1 = extractvalue { i8, i1, i1, i2, i1, i5, i6 } %empty_7, 0" [histogram_strech/core.cpp:14]   --->   Operation 78 'extractvalue' 'tmp_data_V_1' <Predicate = (!exitcond)> <Delay = 0.00>
ST_8 : Operation 79 [1/1] (0.00ns)   --->   "%tmp_keep_V = extractvalue { i8, i1, i1, i2, i1, i5, i6 } %empty_7, 1" [histogram_strech/core.cpp:14]   --->   Operation 79 'extractvalue' 'tmp_keep_V' <Predicate = (!exitcond)> <Delay = 0.00>
ST_8 : Operation 80 [1/1] (0.00ns)   --->   "%tmp_strb_V = extractvalue { i8, i1, i1, i2, i1, i5, i6 } %empty_7, 2" [histogram_strech/core.cpp:14]   --->   Operation 80 'extractvalue' 'tmp_strb_V' <Predicate = (!exitcond)> <Delay = 0.00>
ST_8 : Operation 81 [1/1] (0.00ns)   --->   "%tmp_user_V = extractvalue { i8, i1, i1, i2, i1, i5, i6 } %empty_7, 3" [histogram_strech/core.cpp:14]   --->   Operation 81 'extractvalue' 'tmp_user_V' <Predicate = (!exitcond)> <Delay = 0.00>
ST_8 : Operation 82 [1/1] (0.00ns)   --->   "%tmp_last_V = extractvalue { i8, i1, i1, i2, i1, i5, i6 } %empty_7, 4" [histogram_strech/core.cpp:14]   --->   Operation 82 'extractvalue' 'tmp_last_V' <Predicate = (!exitcond)> <Delay = 0.00>
ST_8 : Operation 83 [1/1] (0.00ns)   --->   "%tmp_id_V = extractvalue { i8, i1, i1, i2, i1, i5, i6 } %empty_7, 5" [histogram_strech/core.cpp:14]   --->   Operation 83 'extractvalue' 'tmp_id_V' <Predicate = (!exitcond)> <Delay = 0.00>
ST_8 : Operation 84 [1/1] (0.00ns)   --->   "%tmp_dest_V = extractvalue { i8, i1, i1, i2, i1, i5, i6 } %empty_7, 6" [histogram_strech/core.cpp:14]   --->   Operation 84 'extractvalue' 'tmp_dest_V' <Predicate = (!exitcond)> <Delay = 0.00>
ST_8 : Operation 85 [1/1] (0.00ns) (grouped into LUT with out node tmp_4)   --->   "%tmp_3_cast = zext i8 %tmp_data_V_1 to i9" [histogram_strech/core.cpp:19]   --->   Operation 85 'zext' 'tmp_3_cast' <Predicate = (!exitcond)> <Delay = 0.00>
ST_8 : Operation 86 [1/1] (1.91ns) (out node of the LUT)   --->   "%tmp_4 = sub i9 %tmp_3_cast, %tmp_cast" [histogram_strech/core.cpp:19]   --->   Operation 86 'sub' 'tmp_4' <Predicate = (!exitcond)> <Delay = 1.91> <Core = "AddSub">   --->   Core 14 'AddSub' <Latency = 0> <II = 1> <Delay = 1.91> <FuncUnit> <Opcode : 'add' 'sub'> <InPorts = 2> <OutPorts = 1>
ST_8 : Operation 87 [1/1] (0.00ns)   --->   "%tmp_s = sext i9 %tmp_4 to i32" [histogram_strech/core.cpp:19]   --->   Operation 87 'sext' 'tmp_s' <Predicate = (!exitcond)> <Delay = 0.00>
ST_8 : Operation 88 [6/6] (6.41ns)   --->   "%tmp_5 = sitofp i32 %tmp_s to float" [histogram_strech/core.cpp:19]   --->   Operation 88 'sitofp' 'tmp_5' <Predicate = (!exitcond)> <Delay = 6.41> <Core = "Int2Float">   --->   Core 111 'Int2Float' <Latency = 5> <II = 1> <Delay = 6.41> <FuncUnit> <Opcode : 'sitofp' 'uitofp'> <InPorts = 1> <OutPorts = 1>

State 9 <SV = 8> <Delay = 6.41>
ST_9 : Operation 89 [5/6] (6.41ns)   --->   "%tmp_5 = sitofp i32 %tmp_s to float" [histogram_strech/core.cpp:19]   --->   Operation 89 'sitofp' 'tmp_5' <Predicate = (!exitcond)> <Delay = 6.41> <Core = "Int2Float">   --->   Core 111 'Int2Float' <Latency = 5> <II = 1> <Delay = 6.41> <FuncUnit> <Opcode : 'sitofp' 'uitofp'> <InPorts = 1> <OutPorts = 1>

State 10 <SV = 9> <Delay = 6.41>
ST_10 : Operation 90 [4/6] (6.41ns)   --->   "%tmp_5 = sitofp i32 %tmp_s to float" [histogram_strech/core.cpp:19]   --->   Operation 90 'sitofp' 'tmp_5' <Predicate = (!exitcond)> <Delay = 6.41> <Core = "Int2Float">   --->   Core 111 'Int2Float' <Latency = 5> <II = 1> <Delay = 6.41> <FuncUnit> <Opcode : 'sitofp' 'uitofp'> <InPorts = 1> <OutPorts = 1>

State 11 <SV = 10> <Delay = 6.41>
ST_11 : Operation 91 [3/6] (6.41ns)   --->   "%tmp_5 = sitofp i32 %tmp_s to float" [histogram_strech/core.cpp:19]   --->   Operation 91 'sitofp' 'tmp_5' <Predicate = (!exitcond)> <Delay = 6.41> <Core = "Int2Float">   --->   Core 111 'Int2Float' <Latency = 5> <II = 1> <Delay = 6.41> <FuncUnit> <Opcode : 'sitofp' 'uitofp'> <InPorts = 1> <OutPorts = 1>

State 12 <SV = 11> <Delay = 6.41>
ST_12 : Operation 92 [2/6] (6.41ns)   --->   "%tmp_5 = sitofp i32 %tmp_s to float" [histogram_strech/core.cpp:19]   --->   Operation 92 'sitofp' 'tmp_5' <Predicate = (!exitcond)> <Delay = 6.41> <Core = "Int2Float">   --->   Core 111 'Int2Float' <Latency = 5> <II = 1> <Delay = 6.41> <FuncUnit> <Opcode : 'sitofp' 'uitofp'> <InPorts = 1> <OutPorts = 1>

State 13 <SV = 12> <Delay = 6.41>
ST_13 : Operation 93 [1/6] (6.41ns)   --->   "%tmp_5 = sitofp i32 %tmp_s to float" [histogram_strech/core.cpp:19]   --->   Operation 93 'sitofp' 'tmp_5' <Predicate = (!exitcond)> <Delay = 6.41> <Core = "Int2Float">   --->   Core 111 'Int2Float' <Latency = 5> <II = 1> <Delay = 6.41> <FuncUnit> <Opcode : 'sitofp' 'uitofp'> <InPorts = 1> <OutPorts = 1>

State 14 <SV = 13> <Delay = 6.07>
ST_14 : Operation 94 [16/16] (6.07ns)   --->   "%tmp_6 = fdiv float %tmp_5, %xMax_minus_xMin" [histogram_strech/core.cpp:19]   --->   Operation 94 'fdiv' 'tmp_6' <Predicate = (!exitcond)> <Delay = 6.07> <Core = "FDiv">   --->   Core 106 'FDiv' <Latency = 15> <II = 1> <Delay = 6.07> <FuncUnit> <Opcode : 'fdiv' 'frem'> <InPorts = 2> <OutPorts = 1>

State 15 <SV = 14> <Delay = 6.07>
ST_15 : Operation 95 [15/16] (6.07ns)   --->   "%tmp_6 = fdiv float %tmp_5, %xMax_minus_xMin" [histogram_strech/core.cpp:19]   --->   Operation 95 'fdiv' 'tmp_6' <Predicate = (!exitcond)> <Delay = 6.07> <Core = "FDiv">   --->   Core 106 'FDiv' <Latency = 15> <II = 1> <Delay = 6.07> <FuncUnit> <Opcode : 'fdiv' 'frem'> <InPorts = 2> <OutPorts = 1>

State 16 <SV = 15> <Delay = 6.07>
ST_16 : Operation 96 [14/16] (6.07ns)   --->   "%tmp_6 = fdiv float %tmp_5, %xMax_minus_xMin" [histogram_strech/core.cpp:19]   --->   Operation 96 'fdiv' 'tmp_6' <Predicate = (!exitcond)> <Delay = 6.07> <Core = "FDiv">   --->   Core 106 'FDiv' <Latency = 15> <II = 1> <Delay = 6.07> <FuncUnit> <Opcode : 'fdiv' 'frem'> <InPorts = 2> <OutPorts = 1>

State 17 <SV = 16> <Delay = 6.07>
ST_17 : Operation 97 [13/16] (6.07ns)   --->   "%tmp_6 = fdiv float %tmp_5, %xMax_minus_xMin" [histogram_strech/core.cpp:19]   --->   Operation 97 'fdiv' 'tmp_6' <Predicate = (!exitcond)> <Delay = 6.07> <Core = "FDiv">   --->   Core 106 'FDiv' <Latency = 15> <II = 1> <Delay = 6.07> <FuncUnit> <Opcode : 'fdiv' 'frem'> <InPorts = 2> <OutPorts = 1>

State 18 <SV = 17> <Delay = 6.07>
ST_18 : Operation 98 [12/16] (6.07ns)   --->   "%tmp_6 = fdiv float %tmp_5, %xMax_minus_xMin" [histogram_strech/core.cpp:19]   --->   Operation 98 'fdiv' 'tmp_6' <Predicate = (!exitcond)> <Delay = 6.07> <Core = "FDiv">   --->   Core 106 'FDiv' <Latency = 15> <II = 1> <Delay = 6.07> <FuncUnit> <Opcode : 'fdiv' 'frem'> <InPorts = 2> <OutPorts = 1>

State 19 <SV = 18> <Delay = 6.07>
ST_19 : Operation 99 [11/16] (6.07ns)   --->   "%tmp_6 = fdiv float %tmp_5, %xMax_minus_xMin" [histogram_strech/core.cpp:19]   --->   Operation 99 'fdiv' 'tmp_6' <Predicate = (!exitcond)> <Delay = 6.07> <Core = "FDiv">   --->   Core 106 'FDiv' <Latency = 15> <II = 1> <Delay = 6.07> <FuncUnit> <Opcode : 'fdiv' 'frem'> <InPorts = 2> <OutPorts = 1>

State 20 <SV = 19> <Delay = 6.07>
ST_20 : Operation 100 [10/16] (6.07ns)   --->   "%tmp_6 = fdiv float %tmp_5, %xMax_minus_xMin" [histogram_strech/core.cpp:19]   --->   Operation 100 'fdiv' 'tmp_6' <Predicate = (!exitcond)> <Delay = 6.07> <Core = "FDiv">   --->   Core 106 'FDiv' <Latency = 15> <II = 1> <Delay = 6.07> <FuncUnit> <Opcode : 'fdiv' 'frem'> <InPorts = 2> <OutPorts = 1>

State 21 <SV = 20> <Delay = 6.07>
ST_21 : Operation 101 [9/16] (6.07ns)   --->   "%tmp_6 = fdiv float %tmp_5, %xMax_minus_xMin" [histogram_strech/core.cpp:19]   --->   Operation 101 'fdiv' 'tmp_6' <Predicate = (!exitcond)> <Delay = 6.07> <Core = "FDiv">   --->   Core 106 'FDiv' <Latency = 15> <II = 1> <Delay = 6.07> <FuncUnit> <Opcode : 'fdiv' 'frem'> <InPorts = 2> <OutPorts = 1>

State 22 <SV = 21> <Delay = 6.07>
ST_22 : Operation 102 [8/16] (6.07ns)   --->   "%tmp_6 = fdiv float %tmp_5, %xMax_minus_xMin" [histogram_strech/core.cpp:19]   --->   Operation 102 'fdiv' 'tmp_6' <Predicate = (!exitcond)> <Delay = 6.07> <Core = "FDiv">   --->   Core 106 'FDiv' <Latency = 15> <II = 1> <Delay = 6.07> <FuncUnit> <Opcode : 'fdiv' 'frem'> <InPorts = 2> <OutPorts = 1>

State 23 <SV = 22> <Delay = 6.07>
ST_23 : Operation 103 [7/16] (6.07ns)   --->   "%tmp_6 = fdiv float %tmp_5, %xMax_minus_xMin" [histogram_strech/core.cpp:19]   --->   Operation 103 'fdiv' 'tmp_6' <Predicate = (!exitcond)> <Delay = 6.07> <Core = "FDiv">   --->   Core 106 'FDiv' <Latency = 15> <II = 1> <Delay = 6.07> <FuncUnit> <Opcode : 'fdiv' 'frem'> <InPorts = 2> <OutPorts = 1>

State 24 <SV = 23> <Delay = 6.07>
ST_24 : Operation 104 [6/16] (6.07ns)   --->   "%tmp_6 = fdiv float %tmp_5, %xMax_minus_xMin" [histogram_strech/core.cpp:19]   --->   Operation 104 'fdiv' 'tmp_6' <Predicate = (!exitcond)> <Delay = 6.07> <Core = "FDiv">   --->   Core 106 'FDiv' <Latency = 15> <II = 1> <Delay = 6.07> <FuncUnit> <Opcode : 'fdiv' 'frem'> <InPorts = 2> <OutPorts = 1>

State 25 <SV = 24> <Delay = 6.07>
ST_25 : Operation 105 [5/16] (6.07ns)   --->   "%tmp_6 = fdiv float %tmp_5, %xMax_minus_xMin" [histogram_strech/core.cpp:19]   --->   Operation 105 'fdiv' 'tmp_6' <Predicate = (!exitcond)> <Delay = 6.07> <Core = "FDiv">   --->   Core 106 'FDiv' <Latency = 15> <II = 1> <Delay = 6.07> <FuncUnit> <Opcode : 'fdiv' 'frem'> <InPorts = 2> <OutPorts = 1>

State 26 <SV = 25> <Delay = 6.07>
ST_26 : Operation 106 [4/16] (6.07ns)   --->   "%tmp_6 = fdiv float %tmp_5, %xMax_minus_xMin" [histogram_strech/core.cpp:19]   --->   Operation 106 'fdiv' 'tmp_6' <Predicate = (!exitcond)> <Delay = 6.07> <Core = "FDiv">   --->   Core 106 'FDiv' <Latency = 15> <II = 1> <Delay = 6.07> <FuncUnit> <Opcode : 'fdiv' 'frem'> <InPorts = 2> <OutPorts = 1>

State 27 <SV = 26> <Delay = 6.07>
ST_27 : Operation 107 [3/16] (6.07ns)   --->   "%tmp_6 = fdiv float %tmp_5, %xMax_minus_xMin" [histogram_strech/core.cpp:19]   --->   Operation 107 'fdiv' 'tmp_6' <Predicate = (!exitcond)> <Delay = 6.07> <Core = "FDiv">   --->   Core 106 'FDiv' <Latency = 15> <II = 1> <Delay = 6.07> <FuncUnit> <Opcode : 'fdiv' 'frem'> <InPorts = 2> <OutPorts = 1>

State 28 <SV = 27> <Delay = 6.07>
ST_28 : Operation 108 [2/16] (6.07ns)   --->   "%tmp_6 = fdiv float %tmp_5, %xMax_minus_xMin" [histogram_strech/core.cpp:19]   --->   Operation 108 'fdiv' 'tmp_6' <Predicate = (!exitcond)> <Delay = 6.07> <Core = "FDiv">   --->   Core 106 'FDiv' <Latency = 15> <II = 1> <Delay = 6.07> <FuncUnit> <Opcode : 'fdiv' 'frem'> <InPorts = 2> <OutPorts = 1>

State 29 <SV = 28> <Delay = 6.07>
ST_29 : Operation 109 [1/16] (6.07ns)   --->   "%tmp_6 = fdiv float %tmp_5, %xMax_minus_xMin" [histogram_strech/core.cpp:19]   --->   Operation 109 'fdiv' 'tmp_6' <Predicate = (!exitcond)> <Delay = 6.07> <Core = "FDiv">   --->   Core 106 'FDiv' <Latency = 15> <II = 1> <Delay = 6.07> <FuncUnit> <Opcode : 'fdiv' 'frem'> <InPorts = 2> <OutPorts = 1>

State 30 <SV = 29> <Delay = 5.70>
ST_30 : Operation 110 [4/4] (5.70ns)   --->   "%y_t_float = fmul float %tmp_6, 2.550000e+02" [histogram_strech/core.cpp:19]   --->   Operation 110 'fmul' 'y_t_float' <Predicate = (!exitcond)> <Delay = 5.70> <Core = "FMul">   --->   Core 105 'FMul' <Latency = 3> <II = 1> <Delay = 5.70> <FuncUnit> <Opcode : 'fmul'> <InPorts = 2> <OutPorts = 1>

State 31 <SV = 30> <Delay = 5.70>
ST_31 : Operation 111 [3/4] (5.70ns)   --->   "%y_t_float = fmul float %tmp_6, 2.550000e+02" [histogram_strech/core.cpp:19]   --->   Operation 111 'fmul' 'y_t_float' <Predicate = (!exitcond)> <Delay = 5.70> <Core = "FMul">   --->   Core 105 'FMul' <Latency = 3> <II = 1> <Delay = 5.70> <FuncUnit> <Opcode : 'fmul'> <InPorts = 2> <OutPorts = 1>

State 32 <SV = 31> <Delay = 5.70>
ST_32 : Operation 112 [2/4] (5.70ns)   --->   "%y_t_float = fmul float %tmp_6, 2.550000e+02" [histogram_strech/core.cpp:19]   --->   Operation 112 'fmul' 'y_t_float' <Predicate = (!exitcond)> <Delay = 5.70> <Core = "FMul">   --->   Core 105 'FMul' <Latency = 3> <II = 1> <Delay = 5.70> <FuncUnit> <Opcode : 'fmul'> <InPorts = 2> <OutPorts = 1>

State 33 <SV = 32> <Delay = 5.70>
ST_33 : Operation 113 [1/4] (5.70ns)   --->   "%y_t_float = fmul float %tmp_6, 2.550000e+02" [histogram_strech/core.cpp:19]   --->   Operation 113 'fmul' 'y_t_float' <Predicate = (!exitcond)> <Delay = 5.70> <Core = "FMul">   --->   Core 105 'FMul' <Latency = 3> <II = 1> <Delay = 5.70> <FuncUnit> <Opcode : 'fmul'> <InPorts = 2> <OutPorts = 1>
ST_33 : Operation 114 [1/1] (0.00ns)   --->   "%p_Val2_s = bitcast float %y_t_float to i32" [r:/builds/2018.3/continuous/2018_12_06_2405991/src/products/hls/hls_lib/src/hls\utils/x_hls_utils.h:310->r:/builds/2018.3/continuous/2018_12_06_2405991/src/products/hls/hls_lib/src/hls\utils/x_hls_utils.h:319->r:/builds/2018.3/continuous/2018_12_06_2405991/src/products/hls/hls_lib/hlsmath/include/FloatingPoint\hls_case_IEEE754.h:65->r:/builds/2018.3/continuous/2018_12_06_2405991/src/products/hls/hls_lib/hlsmath/include/FloatingPoint\hls_case_IEEE754.h:116->r:/builds/2018.3/continuous/2018_12_06_2405991/src/products/hls/hls_lib/hlsmath/src/lib_floatconversion.cpp:62->histogram_strech/core.cpp:21]   --->   Operation 114 'bitcast' 'p_Val2_s' <Predicate = (!exitcond)> <Delay = 0.00>
ST_33 : Operation 115 [1/1] (0.00ns)   --->   "%tmp_V = call i8 @_ssdm_op_PartSelect.i8.i32.i32.i32(i32 %p_Val2_s, i32 23, i32 30) nounwind" [r:/builds/2018.3/continuous/2018_12_06_2405991/src/products/hls/hls_lib/src/hls\utils/x_hls_utils.h:317->r:/builds/2018.3/continuous/2018_12_06_2405991/src/products/hls/hls_lib/src/hls\utils/x_hls_utils.h:319->r:/builds/2018.3/continuous/2018_12_06_2405991/src/products/hls/hls_lib/hlsmath/include/FloatingPoint\hls_case_IEEE754.h:65->r:/builds/2018.3/continuous/2018_12_06_2405991/src/products/hls/hls_lib/hlsmath/include/FloatingPoint\hls_case_IEEE754.h:116->r:/builds/2018.3/continuous/2018_12_06_2405991/src/products/hls/hls_lib/hlsmath/src/lib_floatconversion.cpp:62->histogram_strech/core.cpp:21]   --->   Operation 115 'partselect' 'tmp_V' <Predicate = (!exitcond)> <Delay = 0.00>
ST_33 : Operation 116 [1/1] (0.00ns)   --->   "%tmp_V_1 = trunc i32 %p_Val2_s to i23" [r:/builds/2018.3/continuous/2018_12_06_2405991/src/products/hls/hls_lib/src/hls\utils/x_hls_utils.h:318->r:/builds/2018.3/continuous/2018_12_06_2405991/src/products/hls/hls_lib/src/hls\utils/x_hls_utils.h:319->r:/builds/2018.3/continuous/2018_12_06_2405991/src/products/hls/hls_lib/hlsmath/include/FloatingPoint\hls_case_IEEE754.h:65->r:/builds/2018.3/continuous/2018_12_06_2405991/src/products/hls/hls_lib/hlsmath/include/FloatingPoint\hls_case_IEEE754.h:116->r:/builds/2018.3/continuous/2018_12_06_2405991/src/products/hls/hls_lib/hlsmath/src/lib_floatconversion.cpp:62->histogram_strech/core.cpp:21]   --->   Operation 116 'trunc' 'tmp_V_1' <Predicate = (!exitcond)> <Delay = 0.00>

State 34 <SV = 33> <Delay = 7.30>
ST_34 : Operation 117 [1/1] (0.00ns)   --->   "%mantissa_V = call i25 @_ssdm_op_BitConcatenate.i25.i1.i23.i1(i1 true, i23 %tmp_V_1, i1 false)" [r:/builds/2018.3/continuous/2018_12_06_2405991/src/products/hls/hls_lib/hlsmath/include/FloatingPoint\hls_case_IEEE754.h:67->r:/builds/2018.3/continuous/2018_12_06_2405991/src/products/hls/hls_lib/hlsmath/include/FloatingPoint\hls_case_IEEE754.h:116->r:/builds/2018.3/continuous/2018_12_06_2405991/src/products/hls/hls_lib/hlsmath/src/lib_floatconversion.cpp:62->histogram_strech/core.cpp:21]   --->   Operation 117 'bitconcatenate' 'mantissa_V' <Predicate = (!exitcond)> <Delay = 0.00>
ST_34 : Operation 118 [1/1] (0.00ns) (grouped into LUT with out node val_V)   --->   "%mantissa_V_1_cast2 = zext i25 %mantissa_V to i55" [r:/builds/2018.3/continuous/2018_12_06_2405991/src/products/hls/hls_lib/hlsmath/include/FloatingPoint\hls_case_IEEE754.h:67->r:/builds/2018.3/continuous/2018_12_06_2405991/src/products/hls/hls_lib/hlsmath/include/FloatingPoint\hls_case_IEEE754.h:116->r:/builds/2018.3/continuous/2018_12_06_2405991/src/products/hls/hls_lib/hlsmath/src/lib_floatconversion.cpp:62->histogram_strech/core.cpp:21]   --->   Operation 118 'zext' 'mantissa_V_1_cast2' <Predicate = (!exitcond)> <Delay = 0.00>
ST_34 : Operation 119 [1/1] (0.00ns)   --->   "%tmp_i_i_i_i_cast1 = zext i8 %tmp_V to i9" [r:/builds/2018.3/continuous/2018_12_06_2405991/src/products/hls/hls_lib/src/hls\utils/x_hls_utils.h:339->r:/builds/2018.3/continuous/2018_12_06_2405991/src/products/hls/hls_lib/hlsmath/include/FloatingPoint\hls_case_IEEE754.h:70->r:/builds/2018.3/continuous/2018_12_06_2405991/src/products/hls/hls_lib/hlsmath/include/FloatingPoint\hls_case_IEEE754.h:116->r:/builds/2018.3/continuous/2018_12_06_2405991/src/products/hls/hls_lib/hlsmath/src/lib_floatconversion.cpp:62->histogram_strech/core.cpp:21]   --->   Operation 119 'zext' 'tmp_i_i_i_i_cast1' <Predicate = (!exitcond)> <Delay = 0.00>
ST_34 : Operation 120 [1/1] (1.91ns)   --->   "%sh_assign = add i9 -127, %tmp_i_i_i_i_cast1" [r:/builds/2018.3/continuous/2018_12_06_2405991/src/products/hls/hls_lib/src/hls\utils/x_hls_utils.h:339->r:/builds/2018.3/continuous/2018_12_06_2405991/src/products/hls/hls_lib/hlsmath/include/FloatingPoint\hls_case_IEEE754.h:70->r:/builds/2018.3/continuous/2018_12_06_2405991/src/products/hls/hls_lib/hlsmath/include/FloatingPoint\hls_case_IEEE754.h:116->r:/builds/2018.3/continuous/2018_12_06_2405991/src/products/hls/hls_lib/hlsmath/src/lib_floatconversion.cpp:62->histogram_strech/core.cpp:21]   --->   Operation 120 'add' 'sh_assign' <Predicate = (!exitcond)> <Delay = 1.91> <Core = "AddSub">   --->   Core 14 'AddSub' <Latency = 0> <II = 1> <Delay = 1.91> <FuncUnit> <Opcode : 'add' 'sub'> <InPorts = 2> <OutPorts = 1>
ST_34 : Operation 121 [1/1] (0.00ns)   --->   "%isNeg = call i1 @_ssdm_op_BitSelect.i1.i9.i32(i9 %sh_assign, i32 8)" [r:/builds/2018.3/continuous/2018_12_06_2405991/src/products/hls/hls_lib/hlsmath/include/FloatingPoint\hls_case_IEEE754.h:70->r:/builds/2018.3/continuous/2018_12_06_2405991/src/products/hls/hls_lib/hlsmath/include/FloatingPoint\hls_case_IEEE754.h:116->r:/builds/2018.3/continuous/2018_12_06_2405991/src/products/hls/hls_lib/hlsmath/src/lib_floatconversion.cpp:62->histogram_strech/core.cpp:21]   --->   Operation 121 'bitselect' 'isNeg' <Predicate = (!exitcond)> <Delay = 0.00>
ST_34 : Operation 122 [1/1] (1.91ns)   --->   "%tmp_i_i_i = sub i8 127, %tmp_V" [r:/builds/2018.3/continuous/2018_12_06_2405991/src/products/hls/hls_lib/hlsmath/include/FloatingPoint\hls_case_IEEE754.h:70->r:/builds/2018.3/continuous/2018_12_06_2405991/src/products/hls/hls_lib/hlsmath/include/FloatingPoint\hls_case_IEEE754.h:116->r:/builds/2018.3/continuous/2018_12_06_2405991/src/products/hls/hls_lib/hlsmath/src/lib_floatconversion.cpp:62->histogram_strech/core.cpp:21]   --->   Operation 122 'sub' 'tmp_i_i_i' <Predicate = (!exitcond)> <Delay = 1.91> <Core = "AddSub">   --->   Core 14 'AddSub' <Latency = 0> <II = 1> <Delay = 1.91> <FuncUnit> <Opcode : 'add' 'sub'> <InPorts = 2> <OutPorts = 1>
ST_34 : Operation 123 [1/1] (0.00ns)   --->   "%tmp_i_i_i_cast = sext i8 %tmp_i_i_i to i9" [r:/builds/2018.3/continuous/2018_12_06_2405991/src/products/hls/hls_lib/hlsmath/include/FloatingPoint\hls_case_IEEE754.h:70->r:/builds/2018.3/continuous/2018_12_06_2405991/src/products/hls/hls_lib/hlsmath/include/FloatingPoint\hls_case_IEEE754.h:116->r:/builds/2018.3/continuous/2018_12_06_2405991/src/products/hls/hls_lib/hlsmath/src/lib_floatconversion.cpp:62->histogram_strech/core.cpp:21]   --->   Operation 123 'sext' 'tmp_i_i_i_cast' <Predicate = (!exitcond)> <Delay = 0.00>
ST_34 : Operation 124 [1/1] (0.96ns)   --->   "%ush = select i1 %isNeg, i9 %tmp_i_i_i_cast, i9 %sh_assign" [r:/builds/2018.3/continuous/2018_12_06_2405991/src/products/hls/hls_lib/hlsmath/include/FloatingPoint\hls_case_IEEE754.h:70->r:/builds/2018.3/continuous/2018_12_06_2405991/src/products/hls/hls_lib/hlsmath/include/FloatingPoint\hls_case_IEEE754.h:116->r:/builds/2018.3/continuous/2018_12_06_2405991/src/products/hls/hls_lib/hlsmath/src/lib_floatconversion.cpp:62->histogram_strech/core.cpp:21]   --->   Operation 124 'select' 'ush' <Predicate = (!exitcond)> <Delay = 0.96> <Core = "Sel">   --->   Core 26 'Sel' <Latency = 0> <II = 1> <Delay = 1.24> <FuncUnit> <Opcode : 'select'> <InPorts = 3> <OutPorts = 1>
ST_34 : Operation 125 [1/1] (0.00ns) (grouped into LUT with out node val_V)   --->   "%sh_assign_2_cast = sext i9 %ush to i32" [r:/builds/2018.3/continuous/2018_12_06_2405991/src/products/hls/hls_lib/hlsmath/include/FloatingPoint\hls_case_IEEE754.h:70->r:/builds/2018.3/continuous/2018_12_06_2405991/src/products/hls/hls_lib/hlsmath/include/FloatingPoint\hls_case_IEEE754.h:116->r:/builds/2018.3/continuous/2018_12_06_2405991/src/products/hls/hls_lib/hlsmath/src/lib_floatconversion.cpp:62->histogram_strech/core.cpp:21]   --->   Operation 125 'sext' 'sh_assign_2_cast' <Predicate = (!exitcond)> <Delay = 0.00>
ST_34 : Operation 126 [1/1] (0.00ns) (grouped into LUT with out node val_V)   --->   "%sh_assign_2_cast_cas = sext i9 %ush to i25" [r:/builds/2018.3/continuous/2018_12_06_2405991/src/products/hls/hls_lib/hlsmath/include/FloatingPoint\hls_case_IEEE754.h:70->r:/builds/2018.3/continuous/2018_12_06_2405991/src/products/hls/hls_lib/hlsmath/include/FloatingPoint\hls_case_IEEE754.h:116->r:/builds/2018.3/continuous/2018_12_06_2405991/src/products/hls/hls_lib/hlsmath/src/lib_floatconversion.cpp:62->histogram_strech/core.cpp:21]   --->   Operation 126 'sext' 'sh_assign_2_cast_cas' <Predicate = (!exitcond)> <Delay = 0.00>
ST_34 : Operation 127 [1/1] (0.00ns) (grouped into LUT with out node val_V)   --->   "%tmp_1_i_i_i = zext i32 %sh_assign_2_cast to i55" [r:/builds/2018.3/continuous/2018_12_06_2405991/src/products/hls/hls_lib/hlsmath/include/FloatingPoint\hls_case_IEEE754.h:70->r:/builds/2018.3/continuous/2018_12_06_2405991/src/products/hls/hls_lib/hlsmath/include/FloatingPoint\hls_case_IEEE754.h:116->r:/builds/2018.3/continuous/2018_12_06_2405991/src/products/hls/hls_lib/hlsmath/src/lib_floatconversion.cpp:62->histogram_strech/core.cpp:21]   --->   Operation 127 'zext' 'tmp_1_i_i_i' <Predicate = (!exitcond)> <Delay = 0.00>
ST_34 : Operation 128 [1/1] (0.00ns) (grouped into LUT with out node val_V)   --->   "%r_V = lshr i25 %mantissa_V, %sh_assign_2_cast_cas" [r:/builds/2018.3/continuous/2018_12_06_2405991/src/products/hls/hls_lib/hlsmath/include/FloatingPoint\hls_case_IEEE754.h:70->r:/builds/2018.3/continuous/2018_12_06_2405991/src/products/hls/hls_lib/hlsmath/include/FloatingPoint\hls_case_IEEE754.h:116->r:/builds/2018.3/continuous/2018_12_06_2405991/src/products/hls/hls_lib/hlsmath/src/lib_floatconversion.cpp:62->histogram_strech/core.cpp:21]   --->   Operation 128 'lshr' 'r_V' <Predicate = (!exitcond)> <Delay = 0.00> <Core = "Shift">   --->   Core 28 'Shift' <Latency = 0> <II = 1> <Delay = 4.42> <FuncUnit> <Opcode : 'shl' 'lshr' 'ashr'> <InPorts = 2> <OutPorts = 1>
ST_34 : Operation 129 [1/1] (0.00ns) (grouped into LUT with out node val_V)   --->   "%r_V_1 = shl i55 %mantissa_V_1_cast2, %tmp_1_i_i_i" [r:/builds/2018.3/continuous/2018_12_06_2405991/src/products/hls/hls_lib/hlsmath/include/FloatingPoint\hls_case_IEEE754.h:70->r:/builds/2018.3/continuous/2018_12_06_2405991/src/products/hls/hls_lib/hlsmath/include/FloatingPoint\hls_case_IEEE754.h:116->r:/builds/2018.3/continuous/2018_12_06_2405991/src/products/hls/hls_lib/hlsmath/src/lib_floatconversion.cpp:62->histogram_strech/core.cpp:21]   --->   Operation 129 'shl' 'r_V_1' <Predicate = (!exitcond)> <Delay = 0.00> <Core = "Shift">   --->   Core 28 'Shift' <Latency = 0> <II = 1> <Delay = 4.42> <FuncUnit> <Opcode : 'shl' 'lshr' 'ashr'> <InPorts = 2> <OutPorts = 1>
ST_34 : Operation 130 [1/1] (0.00ns) (grouped into LUT with out node val_V)   --->   "%tmp_9 = call i1 @_ssdm_op_BitSelect.i1.i25.i32(i25 %r_V, i32 24)" [r:/builds/2018.3/continuous/2018_12_06_2405991/src/products/hls/hls_lib/hlsmath/include/FloatingPoint\hls_case_IEEE754.h:73->r:/builds/2018.3/continuous/2018_12_06_2405991/src/products/hls/hls_lib/hlsmath/include/FloatingPoint\hls_case_IEEE754.h:116->r:/builds/2018.3/continuous/2018_12_06_2405991/src/products/hls/hls_lib/hlsmath/src/lib_floatconversion.cpp:62->histogram_strech/core.cpp:21]   --->   Operation 130 'bitselect' 'tmp_9' <Predicate = (!exitcond)> <Delay = 0.00>
ST_34 : Operation 131 [1/1] (0.00ns) (grouped into LUT with out node val_V)   --->   "%tmp = zext i1 %tmp_9 to i8" [r:/builds/2018.3/continuous/2018_12_06_2405991/src/products/hls/hls_lib/hlsmath/include/FloatingPoint\hls_case_IEEE754.h:73->r:/builds/2018.3/continuous/2018_12_06_2405991/src/products/hls/hls_lib/hlsmath/include/FloatingPoint\hls_case_IEEE754.h:116->r:/builds/2018.3/continuous/2018_12_06_2405991/src/products/hls/hls_lib/hlsmath/src/lib_floatconversion.cpp:62->histogram_strech/core.cpp:21]   --->   Operation 131 'zext' 'tmp' <Predicate = (!exitcond)> <Delay = 0.00>
ST_34 : Operation 132 [1/1] (0.00ns) (grouped into LUT with out node val_V)   --->   "%tmp_3 = call i8 @_ssdm_op_PartSelect.i8.i55.i32.i32(i55 %r_V_1, i32 24, i32 31)" [r:/builds/2018.3/continuous/2018_12_06_2405991/src/products/hls/hls_lib/hlsmath/include/FloatingPoint\hls_case_IEEE754.h:73->r:/builds/2018.3/continuous/2018_12_06_2405991/src/products/hls/hls_lib/hlsmath/include/FloatingPoint\hls_case_IEEE754.h:116->r:/builds/2018.3/continuous/2018_12_06_2405991/src/products/hls/hls_lib/hlsmath/src/lib_floatconversion.cpp:62->histogram_strech/core.cpp:21]   --->   Operation 132 'partselect' 'tmp_3' <Predicate = (!exitcond)> <Delay = 0.00>
ST_34 : Operation 133 [1/1] (4.42ns) (out node of the LUT)   --->   "%val_V = select i1 %isNeg, i8 %tmp, i8 %tmp_3" [r:/builds/2018.3/continuous/2018_12_06_2405991/src/products/hls/hls_lib/hlsmath/include/FloatingPoint\hls_case_IEEE754.h:70->r:/builds/2018.3/continuous/2018_12_06_2405991/src/products/hls/hls_lib/hlsmath/include/FloatingPoint\hls_case_IEEE754.h:116->r:/builds/2018.3/continuous/2018_12_06_2405991/src/products/hls/hls_lib/hlsmath/src/lib_floatconversion.cpp:62->histogram_strech/core.cpp:21]   --->   Operation 133 'select' 'val_V' <Predicate = (!exitcond)> <Delay = 4.42> <Core = "Sel">   --->   Core 26 'Sel' <Latency = 0> <II = 1> <Delay = 1.24> <FuncUnit> <Opcode : 'select'> <InPorts = 3> <OutPorts = 1>
ST_34 : Operation 134 [2/2] (0.00ns)   --->   "call void @_ssdm_op_Write.axis.volatile.i8P.i1P.i1P.i2P.i1P.i5P.i6P(i8* %outStream_V_data_V, i1* %outStream_V_keep_V, i1* %outStream_V_strb_V, i2* %outStream_V_user_V, i1* %outStream_V_last_V, i5* %outStream_V_id_V, i6* %outStream_V_dest_V, i8 %val_V, i1 %tmp_keep_V, i1 %tmp_strb_V, i2 %tmp_user_V, i1 %tmp_last_V, i5 %tmp_id_V, i6 %tmp_dest_V)" [histogram_strech/core.cpp:32]   --->   Operation 134 'write' <Predicate = (!exitcond)> <Delay = 0.00> <Core = "AXI4Stream">   --->   Core 5 'AXI4Stream' <Latency = 0> <II = 1> <Delay = 1.00> <Adapter> <Opcode : >

State 35 <SV = 34> <Delay = 0.00>
ST_35 : Operation 135 [1/1] (0.00ns)   --->   "%tmp_2 = call i32 (...)* @_ssdm_op_SpecRegionBegin([12 x i8]* @p_str5)" [histogram_strech/core.cpp:11]   --->   Operation 135 'specregionbegin' 'tmp_2' <Predicate = (!exitcond)> <Delay = 0.00>
ST_35 : Operation 136 [1/1] (0.00ns)   --->   "call void (...)* @_ssdm_op_SpecPipeline(i32 -1, i32 1, i32 1, i32 0, [1 x i8]* @p_str2) nounwind" [histogram_strech/core.cpp:12]   --->   Operation 136 'specpipeline' <Predicate = (!exitcond)> <Delay = 0.00>
ST_35 : Operation 137 [1/2] (0.00ns)   --->   "call void @_ssdm_op_Write.axis.volatile.i8P.i1P.i1P.i2P.i1P.i5P.i6P(i8* %outStream_V_data_V, i1* %outStream_V_keep_V, i1* %outStream_V_strb_V, i2* %outStream_V_user_V, i1* %outStream_V_last_V, i5* %outStream_V_id_V, i6* %outStream_V_dest_V, i8 %val_V, i1 %tmp_keep_V, i1 %tmp_strb_V, i2 %tmp_user_V, i1 %tmp_last_V, i5 %tmp_id_V, i6 %tmp_dest_V)" [histogram_strech/core.cpp:32]   --->   Operation 137 'write' <Predicate = (!exitcond)> <Delay = 0.00> <Core = "AXI4Stream">   --->   Core 5 'AXI4Stream' <Latency = 0> <II = 1> <Delay = 1.00> <Adapter> <Opcode : >
ST_35 : Operation 138 [1/1] (0.00ns)   --->   "%empty_8 = call i32 (...)* @_ssdm_op_SpecRegionEnd([12 x i8]* @p_str5, i32 %tmp_2)" [histogram_strech/core.cpp:34]   --->   Operation 138 'specregionend' 'empty_8' <Predicate = (!exitcond)> <Delay = 0.00>
ST_35 : Operation 139 [1/1] (0.00ns)   --->   "br label %1" [histogram_strech/core.cpp:11]   --->   Operation 139 'br' <Predicate = (!exitcond)> <Delay = 0.00>

State 36 <SV = 8> <Delay = 0.00>
ST_36 : Operation 140 [1/1] (0.00ns)   --->   "ret void" [histogram_strech/core.cpp:35]   --->   Operation 140 'ret' <Predicate = true> <Delay = 0.00>


============================================================
+ Verbose Summary: Timing violations
============================================================
Target clock period: 10ns, clock uncertainty: 1.25ns.

 <State 1>: 1ns
The critical path consists of the following:
	s_axi read on port 'xMax' [34]  (1 ns)

 <State 2>: 8.33ns
The critical path consists of the following:
	'sub' operation ('tmp_1', histogram_strech/core.cpp:10) [43]  (1.92 ns)
	'sitofp' operation ('xMax_minus_xMin', histogram_strech/core.cpp:10) [45]  (6.41 ns)

 <State 3>: 6.41ns
The critical path consists of the following:
	'sitofp' operation ('xMax_minus_xMin', histogram_strech/core.cpp:10) [45]  (6.41 ns)

 <State 4>: 6.41ns
The critical path consists of the following:
	'sitofp' operation ('xMax_minus_xMin', histogram_strech/core.cpp:10) [45]  (6.41 ns)

 <State 5>: 6.41ns
The critical path consists of the following:
	'sitofp' operation ('xMax_minus_xMin', histogram_strech/core.cpp:10) [45]  (6.41 ns)

 <State 6>: 6.41ns
The critical path consists of the following:
	'sitofp' operation ('xMax_minus_xMin', histogram_strech/core.cpp:10) [45]  (6.41 ns)

 <State 7>: 6.41ns
The critical path consists of the following:
	'sitofp' operation ('xMax_minus_xMin', histogram_strech/core.cpp:10) [45]  (6.41 ns)

 <State 8>: 8.33ns
The critical path consists of the following:
	axis read on port 'inStream_V_data_V' (histogram_strech/core.cpp:14) [56]  (0 ns)
	'sub' operation ('tmp_4', histogram_strech/core.cpp:19) [65]  (1.92 ns)
	'sitofp' operation ('tmp_5', histogram_strech/core.cpp:19) [67]  (6.41 ns)

 <State 9>: 6.41ns
The critical path consists of the following:
	'sitofp' operation ('tmp_5', histogram_strech/core.cpp:19) [67]  (6.41 ns)

 <State 10>: 6.41ns
The critical path consists of the following:
	'sitofp' operation ('tmp_5', histogram_strech/core.cpp:19) [67]  (6.41 ns)

 <State 11>: 6.41ns
The critical path consists of the following:
	'sitofp' operation ('tmp_5', histogram_strech/core.cpp:19) [67]  (6.41 ns)

 <State 12>: 6.41ns
The critical path consists of the following:
	'sitofp' operation ('tmp_5', histogram_strech/core.cpp:19) [67]  (6.41 ns)

 <State 13>: 6.41ns
The critical path consists of the following:
	'sitofp' operation ('tmp_5', histogram_strech/core.cpp:19) [67]  (6.41 ns)

 <State 14>: 6.08ns
The critical path consists of the following:
	'fdiv' operation ('tmp_6', histogram_strech/core.cpp:19) [68]  (6.08 ns)

 <State 15>: 6.08ns
The critical path consists of the following:
	'fdiv' operation ('tmp_6', histogram_strech/core.cpp:19) [68]  (6.08 ns)

 <State 16>: 6.08ns
The critical path consists of the following:
	'fdiv' operation ('tmp_6', histogram_strech/core.cpp:19) [68]  (6.08 ns)

 <State 17>: 6.08ns
The critical path consists of the following:
	'fdiv' operation ('tmp_6', histogram_strech/core.cpp:19) [68]  (6.08 ns)

 <State 18>: 6.08ns
The critical path consists of the following:
	'fdiv' operation ('tmp_6', histogram_strech/core.cpp:19) [68]  (6.08 ns)

 <State 19>: 6.08ns
The critical path consists of the following:
	'fdiv' operation ('tmp_6', histogram_strech/core.cpp:19) [68]  (6.08 ns)

 <State 20>: 6.08ns
The critical path consists of the following:
	'fdiv' operation ('tmp_6', histogram_strech/core.cpp:19) [68]  (6.08 ns)

 <State 21>: 6.08ns
The critical path consists of the following:
	'fdiv' operation ('tmp_6', histogram_strech/core.cpp:19) [68]  (6.08 ns)

 <State 22>: 6.08ns
The critical path consists of the following:
	'fdiv' operation ('tmp_6', histogram_strech/core.cpp:19) [68]  (6.08 ns)

 <State 23>: 6.08ns
The critical path consists of the following:
	'fdiv' operation ('tmp_6', histogram_strech/core.cpp:19) [68]  (6.08 ns)

 <State 24>: 6.08ns
The critical path consists of the following:
	'fdiv' operation ('tmp_6', histogram_strech/core.cpp:19) [68]  (6.08 ns)

 <State 25>: 6.08ns
The critical path consists of the following:
	'fdiv' operation ('tmp_6', histogram_strech/core.cpp:19) [68]  (6.08 ns)

 <State 26>: 6.08ns
The critical path consists of the following:
	'fdiv' operation ('tmp_6', histogram_strech/core.cpp:19) [68]  (6.08 ns)

 <State 27>: 6.08ns
The critical path consists of the following:
	'fdiv' operation ('tmp_6', histogram_strech/core.cpp:19) [68]  (6.08 ns)

 <State 28>: 6.08ns
The critical path consists of the following:
	'fdiv' operation ('tmp_6', histogram_strech/core.cpp:19) [68]  (6.08 ns)

 <State 29>: 6.08ns
The critical path consists of the following:
	'fdiv' operation ('tmp_6', histogram_strech/core.cpp:19) [68]  (6.08 ns)

 <State 30>: 5.7ns
The critical path consists of the following:
	'fmul' operation ('y_t_float', histogram_strech/core.cpp:19) [69]  (5.7 ns)

 <State 31>: 5.7ns
The critical path consists of the following:
	'fmul' operation ('y_t_float', histogram_strech/core.cpp:19) [69]  (5.7 ns)

 <State 32>: 5.7ns
The critical path consists of the following:
	'fmul' operation ('y_t_float', histogram_strech/core.cpp:19) [69]  (5.7 ns)

 <State 33>: 5.7ns
The critical path consists of the following:
	'fmul' operation ('y_t_float', histogram_strech/core.cpp:19) [69]  (5.7 ns)

 <State 34>: 7.3ns
The critical path consists of the following:
	'add' operation ('sh', r:/builds/2018.3/continuous/2018_12_06_2405991/src/products/hls/hls_lib/src/hls\utils/x_hls_utils.h:339->r:/builds/2018.3/continuous/2018_12_06_2405991/src/products/hls/hls_lib/hlsmath/include/FloatingPoint\hls_case_IEEE754.h:70->r:/builds/2018.3/continuous/2018_12_06_2405991/src/products/hls/hls_lib/hlsmath/include/FloatingPoint\hls_case_IEEE754.h:116->r:/builds/2018.3/continuous/2018_12_06_2405991/src/products/hls/hls_lib/hlsmath/src/lib_floatconversion.cpp:62->histogram_strech/core.cpp:21) [76]  (1.92 ns)
	'select' operation ('sh', r:/builds/2018.3/continuous/2018_12_06_2405991/src/products/hls/hls_lib/hlsmath/include/FloatingPoint\hls_case_IEEE754.h:70->r:/builds/2018.3/continuous/2018_12_06_2405991/src/products/hls/hls_lib/hlsmath/include/FloatingPoint\hls_case_IEEE754.h:116->r:/builds/2018.3/continuous/2018_12_06_2405991/src/products/hls/hls_lib/hlsmath/src/lib_floatconversion.cpp:62->histogram_strech/core.cpp:21) [80]  (0.968 ns)
	'lshr' operation ('r.V', r:/builds/2018.3/continuous/2018_12_06_2405991/src/products/hls/hls_lib/hlsmath/include/FloatingPoint\hls_case_IEEE754.h:70->r:/builds/2018.3/continuous/2018_12_06_2405991/src/products/hls/hls_lib/hlsmath/include/FloatingPoint\hls_case_IEEE754.h:116->r:/builds/2018.3/continuous/2018_12_06_2405991/src/products/hls/hls_lib/hlsmath/src/lib_floatconversion.cpp:62->histogram_strech/core.cpp:21) [84]  (0 ns)
	'select' operation ('val.V', r:/builds/2018.3/continuous/2018_12_06_2405991/src/products/hls/hls_lib/hlsmath/include/FloatingPoint\hls_case_IEEE754.h:70->r:/builds/2018.3/continuous/2018_12_06_2405991/src/products/hls/hls_lib/hlsmath/include/FloatingPoint\hls_case_IEEE754.h:116->r:/builds/2018.3/continuous/2018_12_06_2405991/src/products/hls/hls_lib/hlsmath/src/lib_floatconversion.cpp:62->histogram_strech/core.cpp:21) [89]  (4.42 ns)

 <State 35>: 0ns
The critical path consists of the following:

 <State 36>: 0ns
The critical path consists of the following:


============================================================
+ Verbose Summary: Binding
============================================================
N/A
* FSMD analyzer results:
  - Output states:
 - Input state : 
  - Chain level:
	State 1
	State 2
	State 3
	State 4
	State 5
	State 6
	State 7
	State 8
	State 9
	State 10
	State 11
	State 12
	State 13
	State 14
	State 15
	State 16
	State 17
	State 18
	State 19
	State 20
	State 21
	State 22
	State 23
	State 24
	State 25
	State 26
	State 27
	State 28
	State 29
	State 30
	State 31
	State 32
	State 33
	State 34
	State 35
	State 36


============================================================
+ Verbose Summary: Datapath Resource usage 
============================================================
N/A
