INFO-FLOW: Workspace D:/HLS_PROJECT/histogram/solution2 opened at Thu Nov 17 21:54:19 +0530 2022
Execute     config_clock -quiet -name default -period 10 -default=false 
INFO: [SYN 201-201] Setting up clock 'default' with a period of 10ns.
Execute     open_platform DefaultPlatform 
Execute     import_lib C:/Xilinx/Vivado/2018.3/common/technology/xilinx/zynq/zynq 
Execute       source C:/Xilinx/Vivado/2018.3/common/technology/xilinx/common/xilinx.lib 
Execute         source C:/Xilinx/Vivado/2018.3/common/technology/xilinx/interface/xilinx_interface.lib 
Execute           source C:/Xilinx/Vivado/2018.3/common/technology/xilinx/interface/plb46.lib 
Execute           source C:/Xilinx/Vivado/2018.3/common/technology/xilinx/interface/fsl.lib 
Execute           source C:/Xilinx/Vivado/2018.3/common/technology/xilinx/interface/axi4.lib 
Execute           source C:/Xilinx/Vivado/2018.3/common/technology/xilinx/interface/maxi.lib 
Execute           source C:/Xilinx/Vivado/2018.3/common/technology/xilinx/interface/saxilite.lib 
Execute         source C:/Xilinx/Vivado/2018.3/common/technology/xilinx/common/dsp48.lib 
Execute         source C:/Xilinx/Vivado/2018.3/common/technology/xilinx/ip/dds_compiler.lib 
Execute         source C:/Xilinx/Vivado/2018.3/common/technology/xilinx/ip/xfft.lib 
Execute         source C:/Xilinx/Vivado/2018.3/common/technology/xilinx/ip/xfir.lib 
Execute       source C:/Xilinx/Vivado/2018.3/common/technology/xilinx/common/xilinx_old.lib 
Execute       source C:/Xilinx/Vivado/2018.3/common/technology/xilinx/common/xilinx_vivado.lib 
Execute       source C:/Xilinx/Vivado/2018.3/common/technology/xilinx/common/xilinx.hlp 
Execute         source C:/Xilinx/Vivado/2018.3/common/technology/xilinx/common/target_info.tcl 
Execute         source C:/Xilinx/Vivado/2018.3/common/technology/xilinx/interface/xilinx_interface.hlp 
Execute           source C:/Xilinx/Vivado/2018.3/common/technology/xilinx/interface/maxi.hlp 
Execute           source C:/Xilinx/Vivado/2018.3/common/technology/xilinx/interface/saxilite.hlp 
Execute         source C:/Xilinx/Vivado/2018.3/common/technology/xilinx/common/dsp48.hlp 
Execute       source C:/Xilinx/Vivado/2018.3/common/technology/xilinx/zynq/dsp48e1.hlp 
Execute       get_default_platform 
Execute       config_chip_info -quiet -resource  {SLICE 13300}  {LUT 53200}     {FF 106400} {DSP48E 220}   {BRAM 280}  
Execute       config_chip_info -quiet -speed medium 
Execute       source C:/Xilinx/Vivado/2018.3/common/technology/xilinx/common/xilinx.hlp 
Execute         source C:/Xilinx/Vivado/2018.3/common/technology/xilinx/common/target_info.tcl 
Execute         source C:/Xilinx/Vivado/2018.3/common/technology/xilinx/interface/xilinx_interface.hlp 
Execute           source C:/Xilinx/Vivado/2018.3/common/technology/xilinx/interface/maxi.hlp 
Execute           source C:/Xilinx/Vivado/2018.3/common/technology/xilinx/interface/saxilite.hlp 
Execute         source C:/Xilinx/Vivado/2018.3/common/technology/xilinx/common/dsp48.hlp 
Execute     source C:/Xilinx/Vivado/2018.3/common/technology/xilinx/zynq/zynq.gen 
Execute       source C:/Xilinx/Vivado/2018.3/common/technology/xilinx/common/virtex.gen 
Execute         source C:/Xilinx/Vivado/2018.3/common/technology/xilinx/common/xilinx.gen 
Execute           source C:/Xilinx/Vivado/2018.3/common/technology/xilinx/interface/plb46.gen 
Execute           source C:/Xilinx/Vivado/2018.3/common/technology/xilinx/interface/fsl.gen 
Execute           source C:/Xilinx/Vivado/2018.3/common/technology/xilinx/interface/axi4.gen 
Execute           source C:/Xilinx/Vivado/2018.3/common/technology/xilinx/interface/nativeAXI4.gen 
Execute             source C:/Xilinx/Vivado/2018.3/common/technology/xilinx/interface/saxilite.gen 
Execute             source C:/Xilinx/Vivado/2018.3/common/technology/xilinx/interface/maxi.gen 
Execute           source C:/Xilinx/Vivado/2018.3/common/technology/xilinx/scripts/xilinxcoregen.gen 
Execute           source C:/Xilinx/Vivado/2018.3/common/technology/xilinx/interface/XilEDKCoreGen.gen 
Execute           source C:/Xilinx/Vivado/2018.3/common/technology/xilinx/ip/dds_compiler.gen 
Execute           source C:/Xilinx/Vivado/2018.3/common/technology/xilinx/ip/util.gen 
Execute           source C:/Xilinx/Vivado/2018.3/common/technology/xilinx/ip/xfft.gen 
Command           ap_source done; 0.134 sec.
Execute           source C:/Xilinx/Vivado/2018.3/common/technology/xilinx/ip/xfir.gen 
Command         ap_source done; 0.196 sec.
Execute         source C:/Xilinx/Vivado/2018.3/common/technology/xilinx/common/dsp48.gen 
Command       ap_source done; 0.2 sec.
Command     ap_source done; 0.2 sec.
Execute     open_platform DefaultPlatform 
Execute     import_lib C:/Xilinx/Vivado/2018.3/common/technology/xilinx/zynq/zynq_fpv6 
Execute       source C:/Xilinx/Vivado/2018.3/common/technology/xilinx/common/xilinx_fpv7.lib 
Execute         source C:/Xilinx/Vivado/2018.3/common/technology/xilinx/common/xilinx_hp.lib 
Execute       source C:/Xilinx/Vivado/2018.3/common/technology/xilinx/common/xilinx_fpv.hlp 
Execute         source C:/Xilinx/Vivado/2018.3/common/technology/xilinx/common/xilinx.hlp 
Execute           source C:/Xilinx/Vivado/2018.3/common/technology/xilinx/common/target_info.tcl 
Execute           source C:/Xilinx/Vivado/2018.3/common/technology/xilinx/interface/xilinx_interface.hlp 
Execute             source C:/Xilinx/Vivado/2018.3/common/technology/xilinx/interface/maxi.hlp 
Execute             source C:/Xilinx/Vivado/2018.3/common/technology/xilinx/interface/saxilite.hlp 
Execute           source C:/Xilinx/Vivado/2018.3/common/technology/xilinx/common/dsp48.hlp 
Execute       source C:/Xilinx/Vivado/2018.3/common/technology/xilinx/zynq/zynq_hp.hlp 
Execute     source C:/Xilinx/Vivado/2018.3/common/technology/xilinx/zynq/zynq_fpv6.gen 
Execute       source C:/Xilinx/Vivado/2018.3/common/technology/xilinx/common/xilinx_fpv6.gen 
Execute     set_part xc7z020clg484-1 
Execute       add_library xilinx/zynq/zynq:xc7z020:clg484:-1 
Execute         get_default_platform 
Execute         license_isbetapart xc7z020 
Command         license_isbetapart done; error code: 1; 
Execute         get_default_platform 
Execute         config_chip_info -quiet -resource  {SLICE 13300}  {LUT 53200}     {FF 106400} {DSP48E 220}   {BRAM 280}  
Execute         config_chip_info -quiet -speed slow 
Execute       add_library xilinx/zynq/zynq_fpv6 
Execute         get_default_platform 
INFO: [HLS 200-10] Setting target device to 'xc7z020clg484-1'
Execute       get_default_platform 
Execute     get_default_platform 
Execute     config_chip_info -quiet -resource  {SLICE 13300}  {LUT 53200}     {FF 106400} {DSP48E 220}   {BRAM 280}  
Execute     config_chip_info -quiet -speed slow 
Command   open_solution done; 0.376 sec.
Execute   set_part xc7z020clg484-1 -tool vivado 
Execute     add_library xilinx/zynq/zynq:xc7z020:clg484:-1 
Execute       get_default_platform 
Execute       license_isbetapart xc7z020 
Command       license_isbetapart done; error code: 1; 
Execute       get_default_platform 
Execute       config_chip_info -quiet -resource  {SLICE 13300}  {LUT 53200}     {FF 106400} {DSP48E 220}   {BRAM 280}  
Execute       config_chip_info -quiet -speed slow 
Execute     add_library xilinx/zynq/zynq_fpv6 
Execute       get_default_platform 
Execute     get_default_platform 
Execute   create_clock -period 10 -name default 
Execute     config_clock -quiet -name default -period 10 -default=false 
INFO: [SYN 201-201] Setting up clock 'default' with a period of 10ns.
Execute   csynth_design 
Execute     get_config_compile -effort 
Execute     get_config_compile -enable_clang39 
Execute     get_config_compile -g 
Execute     get_config_compile -lm 
Execute     get_config_compile -ng 
Execute     get_config_compile -opt_fp 
Execute     get_config_compile -skip_cdt 
Execute     get_config_compile -skip_syncheck 
Execute     get_config_compile -skip_transform 
Execute     config_compile -blackbox  
Execute     get_config_compile -keep_printf 
Execute     elaborate -effort=medium -skip_syncheck=0 -keep_printf=0 -lm=0 -skip_cdt=0 -skip_transform=0 -ng=0 -g=0 -opt_fp=0 -from_csynth_design=1 
Execute       get_config_schedule -relax_ii_for_timing 
INFO: [SCHED 204-61] Option 'relax_ii_for_timing' is enabled, will increase II to preserve clock frequency constraints.
Execute       get_config_schedule -suppress_dependence_error_break 
WARNING: [HLS 200-40] Skipped source file 'leenawithoutcontrast.bmp'. Source files must have extensions .c, .C, .cc, .cpp, .c++, .cp, or .cxx.
WARNING: [HLS 200-40] Skipped source file 'LennaColour320240.bmp'. Source files must have extensions .c, .C, .cc, .cpp, .c++, .cp, or .cxx.
INFO: [HLS 200-10] Analyzing design file 'histogram/core.cpp' ... 
INFO-FLOW: Compiling one TU...
Execute       is_m_axi_addr64 
INFO-FLOW: Handling histogram/core.cpp as C++
Execute       get_default_platform 
Execute       is_encrypted histogram/core.cpp 
Execute       get_default_platform 
INFO-FLOW: Running: GCC PP
INFO-FLOW: Source preprocessing
Execute       clang  -fno-limit-debug-info -gcc-toolchain "C:/Xilinx/Vivado/2018.3/msys" -hls  -fno-exceptions  -D__llvm__  -E "histogram/core.cpp"     -fno-math-errno -c -emit-llvm -O0  -mllvm -disable-llvm-optzns -fno-threadsafe-statics  -fno-use-cxa-atexit  -fno-threadsafe-statics -fno-use-cxa-atexit -D__CLANG_3_1__ -D__cdecl= -DAESL_SYN -D__SYNTHESIS__ -D__HLS_SYN__ -I "C:/Xilinx/Vivado/2018.3/common/technology/autopilot" -I "C:/Xilinx/Vivado/2018.3/common/technology/autopilot/ap_sysc" -include etc/autopilot_ssdm_op.h -D__DSP48E1__  -o "D:/HLS_PROJECT/histogram/solution2/.autopilot/db/core.pp.0.cpp" 
INFO-FLOW: exec C:/Xilinx/Vivado/2018.3/win64/tools/clang/bin/clang -fno-limit-debug-info -gcc-toolchain C:/Xilinx/Vivado/2018.3/msys -hls -fno-exceptions -D__llvm__ -E histogram/core.cpp -fno-math-errno -c -emit-llvm -O0 -mllvm -disable-llvm-optzns -fno-threadsafe-statics -fno-use-cxa-atexit -fno-threadsafe-statics -fno-use-cxa-atexit -D__CLANG_3_1__ -D__cdecl= -DAESL_SYN -D__SYNTHESIS__ -D__HLS_SYN__ -I C:/Xilinx/Vivado/2018.3/common/technology/autopilot -I C:/Xilinx/Vivado/2018.3/common/technology/autopilot/ap_sysc -include etc/autopilot_ssdm_op.h -D__DSP48E1__ -o D:/HLS_PROJECT/histogram/solution2/.autopilot/db/core.pp.0.cpp
Command       clang done; 1.224 sec.
Execute       tidy_31 xilinx-xfmat-array-geometry D:/HLS_PROJECT/histogram/solution2/.autopilot/db/core.pp.0.cpp std=gnu++98 
INFO-FLOW: exec C:/Xilinx/Vivado/2018.3/win64/tools/clang-3.9-csynth/bin/tidy-3.1 -header-filter=.* -checks=-*,xilinx-xfmat-array-geometry -quiet -fix D:/HLS_PROJECT/histogram/solution2/.autopilot/db/core.pp.0.cpp -- -std=gnu++98 -fhls -ferror-limit=0
Command       tidy_31 done; 0.6 sec.
INFO-FLOW: Syntax Checking before pre-processing...
Execute       clang -syntaxcheck -src D:/HLS_PROJECT/histogram/solution2/.autopilot/db/core.pp.0.cpp  -fno-limit-debug-info -gcc-toolchain "C:/Xilinx/Vivado/2018.3/msys" -hls    -fno-math-errno -c -emit-llvm -O0  -mllvm -disable-llvm-optzns -fno-threadsafe-statics  -fno-use-cxa-atexit  -fno-threadsafe-statics -fno-use-cxa-atexit -D__CLANG_3_1__ -D__cdecl= -DAESL_SYN -D__SYNTHESIS__ -D__HLS_SYN__ -I "C:/Xilinx/Vivado/2018.3/common/technology/autopilot" -I "C:/Xilinx/Vivado/2018.3/common/technology/autopilot/ap_sysc" -include etc/autopilot_ssdm_op.h -D__DSP48E1__  "D:/HLS_PROJECT/histogram/solution2/.autopilot/db/core.pp.0.cpp"  -o "D:/HLS_PROJECT/histogram/solution2/.autopilot/db/useless.bc"  
INFO-FLOW: exec C:/Xilinx/Vivado/2018.3/win64/tools/clang/bin/clang -fno-limit-debug-info -gcc-toolchain C:/Xilinx/Vivado/2018.3/msys -hls -fno-math-errno -c -emit-llvm -O0 -mllvm -disable-llvm-optzns -fno-threadsafe-statics -fno-use-cxa-atexit -fno-threadsafe-statics -fno-use-cxa-atexit -D__CLANG_3_1__ -D__cdecl= -DAESL_SYN -D__SYNTHESIS__ -D__HLS_SYN__ -I C:/Xilinx/Vivado/2018.3/common/technology/autopilot -I C:/Xilinx/Vivado/2018.3/common/technology/autopilot/ap_sysc -include etc/autopilot_ssdm_op.h -D__DSP48E1__ D:/HLS_PROJECT/histogram/solution2/.autopilot/db/core.pp.0.cpp -o D:/HLS_PROJECT/histogram/solution2/.autopilot/db/useless.bc
Command       clang done; 1.687 sec.
INFO-FLOW: Done: GCC PP time: 3.5 seconds per iteration
Execute       list_core -type functional_unit 
Execute       tidy_31 xilinx-systemc-detector D:/HLS_PROJECT/histogram/solution2/.autopilot/db/core.pp.0.cpp std=gnu++98 -directive=D:/HLS_PROJECT/histogram/solution2/.autopilot/db/.systemc_flag 
INFO-FLOW: exec C:/Xilinx/Vivado/2018.3/win64/tools/clang-3.9-csynth/bin/tidy-3.1 -header-filter=.* -checks=-*,xilinx-systemc-detector -import-directive=D:/HLS_PROJECT/histogram/solution2/.autopilot/db/.systemc_flag -quiet -fix-errors D:/HLS_PROJECT/histogram/solution2/.autopilot/db/core.pp.0.cpp -- -std=gnu++98 -fhls -ferror-limit=0
Command       tidy_31 done; 0.551 sec.
INFO-FLOW: Running: tidy-3.1 CDT preprocess
Execute       tidy_31 xilinx-directive2pragma D:/HLS_PROJECT/histogram/solution2/.autopilot/db/core.pp.0.cpp std=gnu++98 -directive=D:/HLS_PROJECT/histogram/solution2/.autopilot/db/all.directive.json 
INFO-FLOW: exec C:/Xilinx/Vivado/2018.3/win64/tools/clang-3.9-csynth/bin/tidy-3.1 -header-filter=.* -checks=-*,xilinx-directive2pragma -import-directive=D:/HLS_PROJECT/histogram/solution2/.autopilot/db/all.directive.json -quiet -fix-errors D:/HLS_PROJECT/histogram/solution2/.autopilot/db/core.pp.0.cpp -- -std=gnu++98 -fhls -ferror-limit=0
Command       tidy_31 done; 0.539 sec.
Execute       get_config_dataflow -strict_mode 
Execute       ap_eval exec -ignorestderr C:/Xilinx/Vivado/2018.3/win64/tools/clang-3.9-csynth/bin/xilinx-dataflow-lawyer -export-fixes=D:/HLS_PROJECT/histogram/solution2/.autopilot/db/xilinx-dataflow-lawyer.core.pp.0.cpp.diag.yml D:/HLS_PROJECT/histogram/solution2/.autopilot/db/core.pp.0.cpp -- -std=gnu++98 -fhls -ferror-limit=0 -fstrict-dataflow > D:/HLS_PROJECT/histogram/solution2/.autopilot/db/xilinx-dataflow-lawyer.core.pp.0.cpp.out.log 2> D:/HLS_PROJECT/histogram/solution2/.autopilot/db/xilinx-dataflow-lawyer.core.pp.0.cpp.err.log 
Command       ap_eval done; 0.684 sec.
Execute       tidy_31 -errorcheck xilinx-constantarray-param,xilinx-resource-pragma-transformer,xilinx-xfmat-array-geometry D:/HLS_PROJECT/histogram/solution2/.autopilot/db/core.pp.0.cpp std=gnu++98 
Execute         ap_eval exec -ignorestderr C:/Xilinx/Vivado/2018.3/win64/tools/clang-3.9-csynth/bin/tidy-3.1 -export-fixes=D:/HLS_PROJECT/histogram/solution2/.autopilot/db/tidy-3.1.core.pp.0.cpp.diag.yml -header-filter=.* -checks=-*,xilinx-constantarray-param,xilinx-resource-pragma-transformer,xilinx-xfmat-array-geometry -quiet -fix-errors D:/HLS_PROJECT/histogram/solution2/.autopilot/db/core.pp.0.cpp -- -std=gnu++98 -fhls -ferror-limit=0 > D:/HLS_PROJECT/histogram/solution2/.autopilot/db/tidy-3.1.core.pp.0.cpp.out.log 2> D:/HLS_PROJECT/histogram/solution2/.autopilot/db/tidy-3.1.core.pp.0.cpp.err.log 
Command         ap_eval done; 1.218 sec.
Execute         ap_eval exec -ignorestderr C:/Xilinx/Vivado/2018.3/win64/tools/clang-3.9-csynth/bin/xilinx-legacy-rewriter D:/HLS_PROJECT/histogram/solution2/.autopilot/db/core.pp.0.cpp -- -std=gnu++98 -fhls -ferror-limit=0 > D:/HLS_PROJECT/histogram/solution2/.autopilot/db/xilinx-legacy-rewriter.core.pp.0.cpp.out.log 2> D:/HLS_PROJECT/histogram/solution2/.autopilot/db/xilinx-legacy-rewriter.core.pp.0.cpp.err.log 
Command         ap_eval done; 0.67 sec.
Command       tidy_31 done; 1.921 sec.
INFO-FLOW: Done: tidy-3.1 CDT preprocess time: 3.1 seconds per iteration
INFO-FLOW: Pragma Handling...
Execute       tidy_31 xilinx-ssdm-intrinsics-arguments D:/HLS_PROJECT/histogram/solution2/.autopilot/db/core.pragma.1.cpp std=gnu++98 
INFO-FLOW: exec C:/Xilinx/Vivado/2018.3/win64/tools/clang-3.9-csynth/bin/tidy-3.1 -header-filter=.* -checks=-*,xilinx-ssdm-intrinsics-arguments -quiet -fix-errors D:/HLS_PROJECT/histogram/solution2/.autopilot/db/core.pragma.1.cpp -- -std=gnu++98 -fhls -ferror-limit=0
Command       tidy_31 done; 1.209 sec.
Execute       get_default_platform 
INFO-FLOW: Processing labels
Execute       clang -src D:/HLS_PROJECT/histogram/solution2/.autopilot/db/core.pragma.2.cpp  -fno-limit-debug-info -gcc-toolchain C:/Xilinx/Vivado/2018.3/msys -hls -hls-analyze-label -hls-analyze-pragma -fno-exceptions  -D__llvm__  -w  "D:/HLS_PROJECT/histogram/solution2/.autopilot/db/core.pragma.2.cpp"    -fno-math-errno -c -emit-llvm -O0  -mllvm -disable-llvm-optzns -fno-threadsafe-statics  -fno-use-cxa-atexit -DAESL_SYN -D__SYNTHESIS__ -D__HLS_SYN__ -I "C:/Xilinx/Vivado/2018.3/common/technology/autopilot" -I "C:/Xilinx/Vivado/2018.3/common/technology/autopilot/ap_sysc" -include etc/autopilot_ssdm_op.h -D__DSP48E1__ -g -o "D:/HLS_PROJECT/histogram/solution2/.autopilot/db/core.bc" 
INFO-FLOW: exec C:/Xilinx/Vivado/2018.3/win64/tools/clang/bin/clang -fno-limit-debug-info -gcc-toolchain C:/Xilinx/Vivado/2018.3/msys -hls -hls-analyze-label -hls-analyze-pragma -fno-exceptions -D__llvm__ -w D:/HLS_PROJECT/histogram/solution2/.autopilot/db/core.pragma.2.cpp -fno-math-errno -c -emit-llvm -O0 -mllvm -disable-llvm-optzns -fno-threadsafe-statics -fno-use-cxa-atexit -DAESL_SYN -D__SYNTHESIS__ -D__HLS_SYN__ -I C:/Xilinx/Vivado/2018.3/common/technology/autopilot -I C:/Xilinx/Vivado/2018.3/common/technology/autopilot/ap_sysc -include etc/autopilot_ssdm_op.h -D__DSP48E1__ -g -o D:/HLS_PROJECT/histogram/solution2/.autopilot/db/core.bc
Command       clang done; 1.645 sec.
INFO-FLOW: Linking Debug ...
Execute       llvm-ld D:/HLS_PROJECT/histogram/solution2/.autopilot/db/core.g.bc -hls-opt -except-internalize doHist -LC:/Xilinx/Vivado/2018.3/win64/lib -lhlsm -lhlsmc++ -o D:/HLS_PROJECT/histogram/solution2/.autopilot/db/a.g 
Command       llvm-ld done; 2.257 sec.
INFO: [HLS 200-111] Finished Linking Time (s): cpu = 00:00:00 ; elapsed = 00:00:14 . Memory (MB): peak = 103.027 ; gain = 18.066
INFO: [HLS 200-111] Finished Checking Pragmas Time (s): cpu = 00:00:00 ; elapsed = 00:00:14 . Memory (MB): peak = 103.027 ; gain = 18.066
Execute       get_config_sdx -target 
Execute       opt_and_import_c a -opt_level=2 -skip_syncheck=0 -ng=0 -keep_printf=0 
Execute         cleanup_all_models 
INFO: [HLS 200-10] Starting code transformations ...
Execute         transform -promote-dbg-pointer D:/HLS_PROJECT/histogram/solution2/.autopilot/db/a.pp.bc -o D:/HLS_PROJECT/histogram/solution2/.autopilot/db/a.pp.0.bc -f 
Execute         llvm-ld D:/HLS_PROJECT/histogram/solution2/.autopilot/db/a.pp.0.bc -disable-opt -LC:/Xilinx/Vivado/2018.3/win64/lib -lfloatconversion -o D:/HLS_PROJECT/histogram/solution2/.autopilot/db/a.g.0 
Command         llvm-ld done; 0.589 sec.
INFO-FLOW: Running Standard Transforms...
Execute         transform -hls -share-std-xform -demangle-name -inline-byval-memcpy -always-inline -promote-dbg-pointer -interface-preproc -mem2reg -lower-blackbox -scalarrepl -mem2reg -keep-read-access -instcombine -dce -promote-dbg-pointer -bitop-raise -loop-simplify -indvarspre -indvars -loop-simplify -xunroll -constprop -instcombine -simplifycfg -indvars -simplifycfg -dce -globaldce -basicaa -simplifycfg -mem2reg -globalopt -global-constprop -deadargelim -instcombine -simplifycfg -prune-eh -simplifycfg -scalarrepl -instcombine -reassociate -licm -simplifycfg -loop-simplify -indvars -instcombine -simplifycfg -mem2reg -loop-simplify -indvars -instcombine -gvn -gvn -instcombine -adce -break-crit-edges -simplifycfg -loop-delete -global-array-opt -dce -dse -adce -find-syn-modules -top doHist -deadargelim -mem2reg -instcombine -dce -presyn-prepare -auto-rom-infer -interface-preproc -syn-check -check-rec-only -find-region -simplifycfg -func-extr -function-inline -globaldce -mem2reg -instcombine -dce -gvn -globaldce -adce -adse -constprop -instcombine -bit-constprop -instcombine -dce -simplifycfg -bitop-raise -simplifycfg -dce -loop-delete -reassociate -globalopt -global-privatize -mem2reg -dce -global-constprop -pointer-simplify -constprop -dce -func-inst -deadargelim -auto-shift-reg-idiom -promote-dbg-pointer -norm-name D:/HLS_PROJECT/histogram/solution2/.autopilot/db/a.g.0.bc -o D:/HLS_PROJECT/histogram/solution2/.autopilot/db/a.g.1.bc -f -phase std-opt 
INFO: [HLS 200-111] Finished Standard Transforms Time (s): cpu = 00:00:00 ; elapsed = 00:00:15 . Memory (MB): peak = 106.789 ; gain = 21.828
INFO: [HLS 200-10] Checking synthesizability ...
INFO-FLOW: Checking Synthesizability 1/2..
Execute         transform -hls -syn-check -check-rec-only -disaggr -scalarrepl -norm-name -dce -mem2reg -instcombine -function-uniquify -directive-preproc -mem2reg -dse -dce -auto-rom-infer -dce -pag -array-normalize -instcombine -dce -warn-fifo-pointer -array-seg-normalize -instcombine -dce -array-flatten -instcombine -dce -array-burst -dce -deadargelim -promote-global-argument -simplifycfg -mem2reg -globaldce -resolve-double-ptr -dce -deadargelim -dce -instcombine -function-inline -globaldce -dce -doublePtrSimplify -doublePtrElim -dce -doublePtrSimplify -promote-dbg-pointer -dce -scalarrepl -dse -adse -instcombine -ptrLegalization -simplifycfg -dce -instcombine -pointer-simplify -ptrArgReplace -dce -instcombine -disaggr -scalarrepl -norm-name -dce -mem2reg -instcombine -ptrLegalization -simplifycfg -deadargelim -instcombine -dce -inst-simplify -function-uniquify -directive-preproc -mem2reg -dse -dce -globaldce -check-dspbuiltin D:/HLS_PROJECT/histogram/solution2/.autopilot/db/a.g.1.bc -o D:/HLS_PROJECT/histogram/solution2/.autopilot/db/a.g.2.prechk.bc -f 
INFO-FLOW: Checking Synthesizability 2/2..
Execute         transform -syn-check D:/HLS_PROJECT/histogram/solution2/.autopilot/db/a.g.2.prechk.bc -o D:/HLS_PROJECT/histogram/solution2/.autopilot/db/a.g.2.bc -f -phase syn-check 
INFO: [HLS 200-111] Finished Checking Synthesizability Time (s): cpu = 00:00:00 ; elapsed = 00:00:15 . Memory (MB): peak = 109.477 ; gain = 24.516
INFO-FLOW: Compiler optimizing ...
INFO-FLOW: Share syncheck's 1.bc for syn flow: copy D:/HLS_PROJECT/histogram/solution2/.autopilot/db/a.g.1.bc to D:/HLS_PROJECT/histogram/solution2/.autopilot/db/a.o.1.bc
INFO-FLOW: Presyn 1...
Execute         transform -hls -tmp D:/HLS_PROJECT/histogram/solution2/.autopilot/db -interface-port-rename -type-info -function-uniquify -directive-preproc -mem2reg -dse -dce -disaggr -scalarrepl -norm-name -deadargelim -mem2reg -instcombine -dce -simplifycfg -auto-rom-infer -dce -function-uniquify -resource-proc -simplifycfg -mem2reg -globaldce -resolve-double-ptr -dce -deadargelim -dce -instcombine -clib-intrinsic-prepare -dce -func-buffer -dce -pag -array-normalize -func-legal -instcombine -gvn -constprop -dce -ptrArgReplace -mem2reg -instcombine -dce -array-seg-normalize -deadargelim -instcombine -dce -pointer-simplify -dce -port-alignment -dce -interface-preproc -data-pack -instcombine -dce -basicaa -aggr-aa -aggrmodref-aa -aggr-aa -gvn -gvn -basicaa -aggr-aa -aggrmodref-aa -aggr-aa -dse -adse -adce -loop-simplify -indvars -instcombine -gvn -loop-simplify -mem2reg -dce -find-region -instcombine -auto-loop-pipeline -inst-simplify -interface-preproc -cfgopt -instcombine -indvars -auto-loop-unroll -loop-simplify -loop-bound -xunroll -constprop -instcombine -simplifycfg -indvars -simplifycfg -dce -globaldce -clean-region -attach-range -gvn -inst-simplify -constprop -simplifycfg -dce -pointer-simplify -dce -globalopt -constprop -dce -array-promote -constprop -instcombine -dce -ptrArgReplace -mem2reg -instcombine -simplifycfg -dce -auto-par -instcombine -dce -array-transform-check -array-reshape -instcombine -simplifycfg -dce -ptrArgReplace -deadargelim -mem2reg -instcombine -simplifycfg -dce -indvars -loop-simplify -loop-bound -xunroll -constprop -instcombine -simplifycfg -indvars -simplifycfg -dce -globaldce -basicaa -aggr-aa -aggrmodref-aa -aggr-aa -dse -duplicate-dataflow-processes -globaldce -instcombine -array-partition -instcombine -simplifycfg -dce -ptrArgReplace -global-constprop -deadargelim -mem2reg -func-legal -instcombine -dce -global-constprop -deadargelim -mem2reg -instcombine -simplifycfg -dce -merge-param -deadargelim -globalopt -constprop -dce -array-promote -constprop -instcombine -dce -ptrArgReplace -mem2reg -instcombine -simplifycfg -dce -mem-intrinsic-preproc -dce -global-internalize -global-privatize -mem2reg -globaldce -promote-global-argument -ptrArgReplace -mem2reg -instcombine -dce -globalopt -mergereturn -simplify-global-access -mem2reg -dce -pointer-simplify -dce -functionattrs -basicaa -aggr-aa -aggrmodref-aa -aggr-aa -gvn -gvn -basicaa -aggr-aa -aggrmodref-aa -aggr-aa -dse -adse -adce -inst-simplify -dce -norm-name -function-inline -globaldce -func-inst -constprop -instcombine -simplifycfg -dce -func-legal -dce -loop-bound -arraycheck -bitwidthmin -on-by-dataflow -loop-delete -instcombine -simplifycfg -globaldce -dce -gvn -deadargelim -dce -loop-simplify -clean-region -simplifycfg -propagate-stable-arguments -loop-stream -instcombine -simplifycfg -dce -globaldce -duplicate-dataflow-processes -stream-intrinsic-preproc -dce -check-ap-stream -loop-simplify -eliminate-keepreads -extract-dataflow-in-loop -loop-simplify -dce -gvn -deadargelim -dse -check-dataflow-syntax -legalize-stream-variable -legalize-global -extract-subproc -dce -dead-channel-elimination -canonicalize-gep -globaldce -dce -gvn -deadargelim -annotate-dataflow-channels -scalar-propagation -deadargelim -globaldce -mem2reg -check-dataflow-channels -function-stream -dce -globaldce -prop-fifo-spec -internal-stream-gen -canonicalize-gep -globaldce -dce -gvn -deadargelim -mergereturn -indvars -loop-simplify -instcombine -array-stream -array-seg-normalize -array-partition -func-legal -instcombine -simplifycfg -dce -bundle-memfifo-ops -deadargelim -function-uniquify -directive-preproc -mem2reg -dse -dce -group-axi-access -licm -simplifycfg -dce -loop-delete -norm-name D:/HLS_PROJECT/histogram/solution2/.autopilot/db/a.o.1.bc -o D:/HLS_PROJECT/histogram/solution2/.autopilot/db/a.o.1.tmp.bc -f 
Command         transform done; 0.158 sec.
INFO-FLOW: Presyn 2...
Execute         transform -hls -keep-callgraph -scalarrepl -mem2reg -port-alignment -attach-range -dce -pipe-mux-gen -indvars -loop-bound -inst-simplify -instcombine -dce -merge-array-access -mem2reg -dce -clean-region -mergereturn -if-conv -instcombine -dce -constprop -basicaa -aggr-aa -aggrmodref-aa -aggr-aa -gvn -gvn -basicaa -aggr-aa -aggrmodref-aa -aggr-aa -dse -adse -adce -scalarrepl -mem2reg -global-constprop -deadargelim -deadargelim -instcombine -dce -simplifycfg -ptrArgReplace -mem2reg -function-inline -globaldce -mem2reg -instcombine -dce -expr-balance -instcombine -dce -bitwidthmin -interface-preproc -directive-preproc -inst-rectify -instcombine -dce -functionattrs -constprop -instcombine -bit-constprop -simplify-global-access -globalopt -globaldce -inst-simplify -instcombine -elimdeaddata -dce -loop-delete -simplifycfg -loop-simplify -auto-burst -norm-name D:/HLS_PROJECT/histogram/solution2/.autopilot/db/a.o.1.tmp.bc -o D:/HLS_PROJECT/histogram/solution2/.autopilot/db/a.o.2.bc -f -phase presyn 
INFO: [HLS 200-111] Finished Pre-synthesis Time (s): cpu = 00:00:00 ; elapsed = 00:00:15 . Memory (MB): peak = 132.836 ; gain = 47.875
INFO-FLOW: Building ssdm...
Execute         transform -hls -function-uniquify -auto-function-inline -globaldce -ptrArgReplace -mem2reg -instcombine -dce -reset-lda -loop-simplify -indvars -licm -loop-dep -loop-bound -licm -loop-simplify -flattenloopnest -array-flatten -gvn -instcombine -dce -array-map -dce -func-legal -gvn -adce -instcombine -cfgopt -simplifycfg -loop-simplify -array-burst -promote-global-argument -dce -axi4-lower -array-seg-normalize -basicaa -aggrmodref-aa -globalsmodref-aa -aggr-aa -gvn -gvn -basicaa -aggrmodref-aa -globalsmodref-aa -aggr-aa -dse -adse -adce -licm -inst-simplify -dce -globaldce -instcombine -array-stream -eliminate-keepreads -instcombine -dce -deadargelim -doublePtrSimplify -doublePtrElim -dce -doublePtrSimplify -promote-dbg-pointer -dce -scalarrepl -mem2reg -disaggr -norm-name -mem2reg -instcombine -dse -adse -adce -ptrLegalization -dce -auto-rom-infer -array-flatten -dce -instcombine -check-doubleptr -loop-rot -constprop -cfgopt -simplifycfg -loop-simplify -indvars -pointer-simplify -dce -loop-bound -loop-simplify -loop-preproc -constprop -global-constprop -gvn -mem2reg -instcombine -dce -loop-bound -loop-merge -dce -bitwidthmin -deadargelim -dce -canonicalize-dataflow -dce -scalar-propagation -deadargelim -globaldce -mem2reg -read-loop-dep -interface-preproc -directive-preproc -interface-gen -bram-byte-enable -deadargelim -inst-simplify -dce -gvn -mem2reg -instcombine -dce -adse -loop-bound -instcombine -cfgopt -simplifycfg -loop-simplify -clean-region -io-protocol -find-region -mem2reg -bitop-raise -inst-simplify -inst-rectify -instcombine -adce -deadargelim -loop-simplify -phi-opt -bitop-raise -cfgopt -simplifycfg -strip-dead-prototypes -interface-lower -bitop-lower -intrinsic-lower -auto-function-inline -basicaa -aggrmodref-aa -globalsmodref-aa -aggr-aa -inst-simplify -simplifycfg -loop-simplify -mergereturn -inst-simplify -inst-rectify -dce -load-elim -bitop-lower -loop-rewind -pointer-simplify -dce -cfgopt -dce -bitwidth -loop-bound -loop-dep -read-loop-dep -dce -check-stream -norm-name -legalize -validate-dataflow -inst-clarity -cdfg-build D:/HLS_PROJECT/histogram/solution2/.autopilot/db/a.o.2.bc -o D:/HLS_PROJECT/histogram/solution2/.autopilot/db/a.o.3.bc -f -phase build-ssdm 
Command         transform done; 0.158 sec.
INFO: [HLS 200-111] Finished Architecture Synthesis Time (s): cpu = 00:00:00 ; elapsed = 00:00:15 . Memory (MB): peak = 133.055 ; gain = 48.094
INFO-FLOW: Finish building internal data model.
Command       opt_and_import_c done; 1.25 sec.
Command     elaborate done; 13.815 sec.
Execute     autosyn -from_csynth_design=1 
INFO: [HLS 200-10] Starting hardware synthesis ...
INFO-FLOW: Synthesizing C/C++ design ...
INFO: [HLS 200-10] Synthesizing 'doHist' ...
Execute       ap_set_top_model doHist 
Execute       get_model_list doHist -filter all-wo-channel -topdown 
Execute       preproc_iomode -model doHist 
Execute       get_model_list doHist -filter all-wo-channel 
INFO-FLOW: Model list for configure: doHist
INFO-FLOW: Configuring Module : doHist ...
Execute       set_default_model doHist 
Execute       apply_spec_resource_limit doHist 
INFO-FLOW: Model list for preprocess: doHist
INFO-FLOW: Preprocessing Module: doHist ...
Execute       set_default_model doHist 
Execute       cdfg_preprocess -model doHist 
Execute       rtl_gen_preprocess doHist 
INFO-FLOW: Model list for synthesis: doHist
INFO: [HLS 200-10] ----------------------------------------------------------------
INFO: [HLS 200-42] -- Implementing module 'doHist' 
INFO: [HLS 200-10] ----------------------------------------------------------------
Execute       set_default_model doHist 
Execute       schedule -model doHist 
INFO: [SCHED 204-11] Starting scheduling ...
INFO: [SCHED 204-61] Pipelining loop 'Loop 1'.
INFO: [SCHED 204-61] Pipelining result : Target II = 1, Final II = 1, Depth = 1.
INFO: [SCHED 204-11] Finished scheduling.
INFO: [HLS 200-111]  Elapsed time: 15.315 seconds; current allocated memory: 83.978 MB.
Execute       report -o D:/HLS_PROJECT/histogram/solution2/.autopilot/db/doHist.verbose.sched.rpt -verbose -f 
INFO: [HLS 200-434] Only 1 loops out of a total 2 loops have been pipelined in this design.
Execute       db_write -o D:/HLS_PROJECT/histogram/solution2/.autopilot/db/doHist.sched.adb -f 
INFO-FLOW: Finish scheduling doHist.
Execute       set_default_model doHist 
Execute       bind -model doHist 
BIND OPTION: fu_weight=[ 0.0 -- 1.0 ]
BIND OPTION: model=doHist
BIND OPTION: reg_weight=[ 0.0 -- 1.0 ]
INFO: [BIND 205-100] Starting micro-architecture generation ...
INFO: [BIND 205-101] Performing variable lifetime analysis.
INFO: [BIND 205-101] Exploring resource sharing.
INFO: [BIND 205-101] Binding ...
INFO: [BIND 205-100] Finished micro-architecture generation.
INFO: [HLS 200-111]  Elapsed time: 0.095 seconds; current allocated memory: 84.246 MB.
Execute       report -o D:/HLS_PROJECT/histogram/solution2/.autopilot/db/doHist.verbose.bind.rpt -verbose -f 
Execute       db_write -o D:/HLS_PROJECT/histogram/solution2/.autopilot/db/doHist.bind.adb -f 
INFO-FLOW: Finish binding doHist.
Execute       get_model_list doHist -filter all-wo-channel 
INFO-FLOW: Preprocessing for RTLGen ...
Execute       rtl_gen_preprocess doHist 
INFO-FLOW: Model list for RTL generation: doHist
INFO: [HLS 200-10] ----------------------------------------------------------------
INFO: [HLS 200-10] -- Generating RTL for module 'doHist' 
INFO: [HLS 200-10] ----------------------------------------------------------------
Execute       get_config_rtl -prefix 
Execute       get_config_rtl -auto_prefix 
Execute       create_rtl_model doHist -vendor xilinx -mg_file D:/HLS_PROJECT/histogram/solution2/.autopilot/db/doHist.compgen.tcl 
INFO: [RTGEN 206-500] Setting interface mode on port 'doHist/inStream_V_data_V' to 'axis' (register, both mode).
INFO: [RTGEN 206-500] Setting interface mode on port 'doHist/inStream_V_keep_V' to 'axis' (register, both mode).
INFO: [RTGEN 206-500] Setting interface mode on port 'doHist/inStream_V_strb_V' to 'axis' (register, both mode).
INFO: [RTGEN 206-500] Setting interface mode on port 'doHist/inStream_V_user_V' to 'axis' (register, both mode).
INFO: [RTGEN 206-500] Setting interface mode on port 'doHist/inStream_V_last_V' to 'axis' (register, both mode).
INFO: [RTGEN 206-500] Setting interface mode on port 'doHist/inStream_V_id_V' to 'axis' (register, both mode).
INFO: [RTGEN 206-500] Setting interface mode on port 'doHist/inStream_V_dest_V' to 'axis' (register, both mode).
INFO: [RTGEN 206-500] Setting interface mode on port 'doHist/histo' to 'bram'.
INFO: [RTGEN 206-500] Setting interface mode on function 'doHist' to 's_axilite & ap_ctrl_hs'.
INFO: [RTGEN 206-100] Bundling port 'return' to AXI-Lite port CTRL_BUS.
INFO: [RTGEN 206-100] Finished creating RTL model for 'doHist'.
INFO: [HLS 200-111]  Elapsed time: 0.157 seconds; current allocated memory: 84.982 MB.
Execute       source D:/HLS_PROJECT/histogram/solution2/.autopilot/db/doHist.rtl_wrap.cfg.tcl 
Execute       gen_rtl doHist -istop -style xilinx -tracefl mytrace -tracefmt vcd -traceopt all -f -lang sc -o D:/HLS_PROJECT/histogram/solution2/syn/systemc/doHist -synmodules doHist 
Execute       gen_rtl doHist -istop -style xilinx -f -lang vhdl -o D:/HLS_PROJECT/histogram/solution2/syn/vhdl/doHist 
Execute       gen_rtl doHist -istop -style xilinx -f -lang vlog -o D:/HLS_PROJECT/histogram/solution2/syn/verilog/doHist 
Execute       export_constraint_db -o D:/HLS_PROJECT/histogram/solution2/.autopilot/db/doHist.constraint.tcl -f -tool general 
Execute       report -model doHist -o D:/HLS_PROJECT/histogram/solution2/.autopilot/db/doHist.design.xml -verbose -f -dv 
Execute       report -model doHist -o D:/HLS_PROJECT/histogram/solution2/.autopilot/db/doHist.sdaccel.xml -verbose -f -sdaccel 
Execute       gen_tb_info doHist -o D:/HLS_PROJECT/histogram/solution2/.autopilot/db/doHist -p D:/HLS_PROJECT/histogram/solution2/.autopilot/db 
Execute       report -model doHist -o D:/HLS_PROJECT/histogram/solution2/syn/report/doHist_csynth.rpt -f 
Execute       report -model doHist -o D:/HLS_PROJECT/histogram/solution2/syn/report/doHist_csynth.xml -f -x 
Execute       report -model doHist -o D:/HLS_PROJECT/histogram/solution2/.autopilot/db/doHist.verbose.rpt -verbose -f 
Execute       db_write -model doHist -o D:/HLS_PROJECT/histogram/solution2/.autopilot/db/doHist.adb -f 
Execute       sc_get_clocks doHist 
Execute       get_config_export -vivado_clock 
Execute       sc_get_portdomain doHist 
INFO-FLOW: Model list for RTL component generation: doHist
INFO-FLOW: Handling components in module [doHist] ... 
Execute       source D:/HLS_PROJECT/histogram/solution2/.autopilot/db/doHist.compgen.tcl 
INFO-FLOW: Found component doHist_CTRL_BUS_s_axi.
INFO-FLOW: Append model doHist_CTRL_BUS_s_axi
INFO-FLOW: Append model doHist
INFO-FLOW: Generating RTL model list ...
INFO-FLOW: All models in this session: doHist_CTRL_BUS_s_axi doHist
INFO-FLOW: To file: write model doHist_CTRL_BUS_s_axi
INFO-FLOW: To file: write model doHist
INFO-FLOW: Finished generating RTL model list.


INFO-FLOW: RTL Generation done.
INFO-FLOW: CAS Generation done.
INFO-FLOW: CBC Generation done.
INFO-FLOW: DBG:CMD: auto_generate_csynth_design
INFO-FLOW: DBG:CMD:     auto_generate --sim-model -phase csynth_design -d D:/HLS_PROJECT/histogram/solution2
Execute       source D:/HLS_PROJECT/histogram/solution2/.autopilot/db/global.setting.tcl 
INFO-FLOW: DBG:CMD: read_platform_lib D:/HLS_PROJECT/histogram/solution2/.autopilot/db/global.setting.tcl
Execute       source C:/Xilinx/Vivado/2018.3/common/technology/generic/autopilot/common.gen 
Execute         source C:/Xilinx/Vivado/2018.3/common/technology/generic/autopilot/APCoreGen.gen 
Execute       source C:/Xilinx/Vivado/2018.3/common/technology/generic/autopilot/op.gen 
Execute       source C:/Xilinx/Vivado/2018.3/common/technology/generic/autopilot/op_simcore.gen 
Execute       source C:/Xilinx/Vivado/2018.3/common/technology/generic/autopilot/interface.gen 
Execute       source D:/HLS_PROJECT/histogram/solution2/.autopilot/db/global.setting.tcl 
Execute       source C:/Xilinx/Vivado/2018.3/common/technology/xilinx/zynq/zynq.gen 
Execute         source C:/Xilinx/Vivado/2018.3/common/technology/xilinx/common/virtex.gen 
Execute           source C:/Xilinx/Vivado/2018.3/common/technology/xilinx/common/xilinx.gen 
Execute             source C:/Xilinx/Vivado/2018.3/common/technology/xilinx/interface/plb46.gen 
Execute             source C:/Xilinx/Vivado/2018.3/common/technology/xilinx/interface/fsl.gen 
Execute             source C:/Xilinx/Vivado/2018.3/common/technology/xilinx/interface/axi4.gen 
Execute             source C:/Xilinx/Vivado/2018.3/common/technology/xilinx/interface/nativeAXI4.gen 
Execute               source C:/Xilinx/Vivado/2018.3/common/technology/xilinx/interface/saxilite.gen 
Execute               source C:/Xilinx/Vivado/2018.3/common/technology/xilinx/interface/maxi.gen 
Execute             source C:/Xilinx/Vivado/2018.3/common/technology/xilinx/scripts/xilinxcoregen.gen 
Execute             source C:/Xilinx/Vivado/2018.3/common/technology/xilinx/interface/XilEDKCoreGen.gen 
Execute             source C:/Xilinx/Vivado/2018.3/common/technology/xilinx/ip/dds_compiler.gen 
Execute             source C:/Xilinx/Vivado/2018.3/common/technology/xilinx/ip/util.gen 
Execute             source C:/Xilinx/Vivado/2018.3/common/technology/xilinx/ip/xfft.gen 
Command             ap_source done; 0.134 sec.
Execute             source C:/Xilinx/Vivado/2018.3/common/technology/xilinx/ip/xfir.gen 
Command           ap_source done; 0.199 sec.
Execute           source C:/Xilinx/Vivado/2018.3/common/technology/xilinx/common/dsp48.gen 
Command         ap_source done; 0.204 sec.
Command       ap_source done; 0.204 sec.
Execute       source C:/Xilinx/Vivado/2018.3/common/technology/xilinx/zynq/zynq_fpv6.gen 
Execute         source C:/Xilinx/Vivado/2018.3/common/technology/xilinx/common/xilinx_fpv6.gen 
INFO-FLOW: DBG:CMD:   using AESL_AUTOCG::g_clock_period=10.000 (was NA)
INFO-FLOW: DBG:CMD:       generate_ip_cores sim=1 export=0 expOnly=0 dstVlogDir=syn/verilog
Execute       source D:/HLS_PROJECT/histogram/solution2/.autopilot/db/global.setting.tcl 
Execute       source D:/HLS_PROJECT/histogram/solution2/.autopilot/db/global.setting.tcl 
Execute       source D:/HLS_PROJECT/histogram/solution2/.autopilot/db/global.setting.tcl 
Execute       source D:/HLS_PROJECT/histogram/solution2/.autopilot/db/doHist.compgen.tcl 
Execute         source ./CTRL_BUS.slave.tcl 
Execute         is_m_axi_addr64 
INFO-FLOW: DBG:CMD:     auto_generate -export -impltomg_flag -rtl both -tool Vivado -pcore_version 1.00.a -phase csynth_design -d D:/HLS_PROJECT/histogram/solution2
Execute       source D:/HLS_PROJECT/histogram/solution2/.autopilot/db/global.setting.tcl 
INFO-FLOW: DBG:CMD: read_platform_lib D:/HLS_PROJECT/histogram/solution2/.autopilot/db/global.setting.tcl
Execute       source C:/Xilinx/Vivado/2018.3/common/technology/generic/autopilot/common.gen 
Execute         source C:/Xilinx/Vivado/2018.3/common/technology/generic/autopilot/APCoreGen.gen 
Execute       source C:/Xilinx/Vivado/2018.3/common/technology/generic/autopilot/op.gen 
Execute       source C:/Xilinx/Vivado/2018.3/common/technology/generic/autopilot/op_simcore.gen 
Execute       source C:/Xilinx/Vivado/2018.3/common/technology/generic/autopilot/interface.gen 
Execute       source D:/HLS_PROJECT/histogram/solution2/.autopilot/db/global.setting.tcl 
Execute       source C:/Xilinx/Vivado/2018.3/common/technology/xilinx/zynq/zynq.gen 
Execute         source C:/Xilinx/Vivado/2018.3/common/technology/xilinx/common/virtex.gen 
Execute           source C:/Xilinx/Vivado/2018.3/common/technology/xilinx/common/xilinx.gen 
Execute             source C:/Xilinx/Vivado/2018.3/common/technology/xilinx/interface/plb46.gen 
Execute             source C:/Xilinx/Vivado/2018.3/common/technology/xilinx/interface/fsl.gen 
Execute             source C:/Xilinx/Vivado/2018.3/common/technology/xilinx/interface/axi4.gen 
Execute             source C:/Xilinx/Vivado/2018.3/common/technology/xilinx/interface/nativeAXI4.gen 
Execute               source C:/Xilinx/Vivado/2018.3/common/technology/xilinx/interface/saxilite.gen 
Execute               source C:/Xilinx/Vivado/2018.3/common/technology/xilinx/interface/maxi.gen 
Execute             source C:/Xilinx/Vivado/2018.3/common/technology/xilinx/scripts/xilinxcoregen.gen 
Execute             source C:/Xilinx/Vivado/2018.3/common/technology/xilinx/interface/XilEDKCoreGen.gen 
Execute             source C:/Xilinx/Vivado/2018.3/common/technology/xilinx/ip/dds_compiler.gen 
Execute             source C:/Xilinx/Vivado/2018.3/common/technology/xilinx/ip/util.gen 
Execute             source C:/Xilinx/Vivado/2018.3/common/technology/xilinx/ip/xfft.gen 
Command             ap_source done; 0.12 sec.
Execute             source C:/Xilinx/Vivado/2018.3/common/technology/xilinx/ip/xfir.gen 
Command           ap_source done; 0.18 sec.
Execute           source C:/Xilinx/Vivado/2018.3/common/technology/xilinx/common/dsp48.gen 
Command         ap_source done; 0.183 sec.
Command       ap_source done; 0.183 sec.
Execute       source C:/Xilinx/Vivado/2018.3/common/technology/xilinx/zynq/zynq_fpv6.gen 
Execute         source C:/Xilinx/Vivado/2018.3/common/technology/xilinx/common/xilinx_fpv6.gen 
INFO-FLOW: DBG:CMD:       initCTypeInfo top_module=doHist xml_exists=0
Execute       source D:/HLS_PROJECT/histogram/solution2/.autopilot/db/doHist.rtl_wrap.cfg.tcl 
Execute       source D:/HLS_PROJECT/histogram/solution2/.autopilot/db/doHist.rtl_wrap.cfg.tcl 
Execute       source D:/HLS_PROJECT/histogram/solution2/.autopilot/db/doHist.rtl_wrap.cfg.tcl 
Execute       source D:/HLS_PROJECT/histogram/solution2/.autopilot/db/doHist.tbgen.tcl 
Execute       source D:/HLS_PROJECT/histogram/solution2/.autopilot/db/doHist.tbgen.tcl 
INFO-FLOW: DBG:CMD:       export_impl_rtl
INFO-FLOW: DBG:CMD:       generate_ip_cores sim=0 export=0 expOnly=0 dstVlogDir=impl/.verilog
Execute       source D:/HLS_PROJECT/histogram/solution2/.autopilot/db/global.setting.tcl 
Execute       source D:/HLS_PROJECT/histogram/solution2/.autopilot/db/doHist.compgen.tcl 
INFO-FLOW: DBG:CMD:       generate_ip_cores sim=0 export=1 expOnly=1 dstVlogDir=impl/.pcores/verilog
Execute       source D:/HLS_PROJECT/histogram/solution2/.autopilot/db/global.setting.tcl 
Execute       source D:/HLS_PROJECT/histogram/solution2/.autopilot/db/doHist.compgen.tcl 
INFO-FLOW: DBG:CMD:       generate_ip_cores sim=0 export=0 expOnly=0 dstVlogDir=impl/.pcores/verilog_sim
Execute       source D:/HLS_PROJECT/histogram/solution2/.autopilot/db/global.setting.tcl 
Execute       source D:/HLS_PROJECT/histogram/solution2/.autopilot/db/doHist.compgen.tcl 
Execute       source D:/HLS_PROJECT/histogram/solution2/.autopilot/db/global.setting.tcl 
Execute       source D:/HLS_PROJECT/histogram/solution2/.autopilot/db/doHist.constraint.tcl 
Execute       source D:/HLS_PROJECT/histogram/solution2/.autopilot/db/doHist.tbgen.tcl 
INFO-FLOW: DBG:CMD:       hasPcoreIpAdapter=false #gSsdmPorts=14
INFO-FLOW: DBG:CMD: Skipping loadAnalyze_DB, #g_database=8
INFO-FLOW: DBG:CMD:       generate_json is_phase_csynth=1 g_has_adaptors=false generate_bd_files=1 #modelList=2 #gSsdmPorts=14
Execute       source D:/HLS_PROJECT/histogram/solution2/.autopilot/db/global.setting.tcl 
Execute       source D:/HLS_PROJECT/histogram/solution2/.autopilot/db/global.setting.tcl 
Execute       source D:/HLS_PROJECT/histogram/solution2/.autopilot/db/doHist.tbgen.tcl 
Execute       source D:/HLS_PROJECT/histogram/solution2/.autopilot/db/global.setting.tcl 
Execute       get_config_sdx -target 
Execute       get_config_export -xo 
Execute       source D:/HLS_PROJECT/histogram/solution2/.autopilot/db/global.setting.tcl 
Execute       source D:/HLS_PROJECT/histogram/solution2/.autopilot/db/doHist.constraint.tcl 
Execute       sc_get_clocks doHist 
Execute       source D:/HLS_PROJECT/histogram/solution2/.autopilot/db/global.setting.tcl 
Execute       get_config_sdx -target 
Execute       get_config_sdx -profile 
Execute       ::config_rtl 
INFO-FLOW: DBG:CMD: add_json_sdx_info kernel file does not exist: D:/HLS_PROJECT/histogram/solution2/.autopilot/db/kernel.internal.xml
INFO-FLOW: DBG:CMD:       delete-temp-dirs (skipped for debug)
INFO: [HLS 200-111] Finished generating all RTL models Time (s): cpu = 00:00:01 ; elapsed = 00:00:17 . Memory (MB): peak = 133.789 ; gain = 48.828
INFO: [SYSC 207-301] Generating SystemC RTL for doHist.
INFO: [VHDL 208-304] Generating VHDL RTL for doHist.
INFO: [VLOG 209-307] Generating Verilog RTL for doHist.
Command     autosyn done; 1.721 sec.
Execute     get_part 
Execute     get_config_export -sdx_tcl 
Command   csynth_design done; 15.566 sec.
Command ap_source done; 16.05 sec.
Execute cleanup_all 
INFO-FLOW: Workspace D:/HLS_PROJECT/histogram/solution2 opened at Thu Nov 17 21:54:50 +0530 2022
Execute     config_clock -quiet -name default -period 10 -default=false 
INFO: [SYN 201-201] Setting up clock 'default' with a period of 10ns.
Execute     open_platform DefaultPlatform 
Execute     import_lib C:/Xilinx/Vivado/2018.3/common/technology/xilinx/zynq/zynq 
Execute       source C:/Xilinx/Vivado/2018.3/common/technology/xilinx/common/xilinx.lib 
Execute         source C:/Xilinx/Vivado/2018.3/common/technology/xilinx/interface/xilinx_interface.lib 
Execute           source C:/Xilinx/Vivado/2018.3/common/technology/xilinx/interface/plb46.lib 
Execute           source C:/Xilinx/Vivado/2018.3/common/technology/xilinx/interface/fsl.lib 
Execute           source C:/Xilinx/Vivado/2018.3/common/technology/xilinx/interface/axi4.lib 
Execute           source C:/Xilinx/Vivado/2018.3/common/technology/xilinx/interface/maxi.lib 
Execute           source C:/Xilinx/Vivado/2018.3/common/technology/xilinx/interface/saxilite.lib 
Execute         source C:/Xilinx/Vivado/2018.3/common/technology/xilinx/common/dsp48.lib 
Execute         source C:/Xilinx/Vivado/2018.3/common/technology/xilinx/ip/dds_compiler.lib 
Execute         source C:/Xilinx/Vivado/2018.3/common/technology/xilinx/ip/xfft.lib 
Execute         source C:/Xilinx/Vivado/2018.3/common/technology/xilinx/ip/xfir.lib 
Execute       source C:/Xilinx/Vivado/2018.3/common/technology/xilinx/common/xilinx_old.lib 
Execute       source C:/Xilinx/Vivado/2018.3/common/technology/xilinx/common/xilinx_vivado.lib 
Execute       source C:/Xilinx/Vivado/2018.3/common/technology/xilinx/common/xilinx.hlp 
Execute         source C:/Xilinx/Vivado/2018.3/common/technology/xilinx/common/target_info.tcl 
Execute         source C:/Xilinx/Vivado/2018.3/common/technology/xilinx/interface/xilinx_interface.hlp 
Execute           source C:/Xilinx/Vivado/2018.3/common/technology/xilinx/interface/maxi.hlp 
Execute           source C:/Xilinx/Vivado/2018.3/common/technology/xilinx/interface/saxilite.hlp 
Execute         source C:/Xilinx/Vivado/2018.3/common/technology/xilinx/common/dsp48.hlp 
Execute       source C:/Xilinx/Vivado/2018.3/common/technology/xilinx/zynq/dsp48e1.hlp 
Execute       get_default_platform 
Execute       config_chip_info -quiet -resource  {SLICE 13300}  {LUT 53200}     {FF 106400} {DSP48E 220}   {BRAM 280}  
Execute       config_chip_info -quiet -speed medium 
Execute       source C:/Xilinx/Vivado/2018.3/common/technology/xilinx/common/xilinx.hlp 
Execute         source C:/Xilinx/Vivado/2018.3/common/technology/xilinx/common/target_info.tcl 
Execute         source C:/Xilinx/Vivado/2018.3/common/technology/xilinx/interface/xilinx_interface.hlp 
Execute           source C:/Xilinx/Vivado/2018.3/common/technology/xilinx/interface/maxi.hlp 
Execute           source C:/Xilinx/Vivado/2018.3/common/technology/xilinx/interface/saxilite.hlp 
Execute         source C:/Xilinx/Vivado/2018.3/common/technology/xilinx/common/dsp48.hlp 
Execute     source C:/Xilinx/Vivado/2018.3/common/technology/xilinx/zynq/zynq.gen 
Execute       source C:/Xilinx/Vivado/2018.3/common/technology/xilinx/common/virtex.gen 
Execute         source C:/Xilinx/Vivado/2018.3/common/technology/xilinx/common/xilinx.gen 
Execute           source C:/Xilinx/Vivado/2018.3/common/technology/xilinx/interface/plb46.gen 
Execute           source C:/Xilinx/Vivado/2018.3/common/technology/xilinx/interface/fsl.gen 
Execute           source C:/Xilinx/Vivado/2018.3/common/technology/xilinx/interface/axi4.gen 
Execute           source C:/Xilinx/Vivado/2018.3/common/technology/xilinx/interface/nativeAXI4.gen 
Execute             source C:/Xilinx/Vivado/2018.3/common/technology/xilinx/interface/saxilite.gen 
Execute             source C:/Xilinx/Vivado/2018.3/common/technology/xilinx/interface/maxi.gen 
Execute           source C:/Xilinx/Vivado/2018.3/common/technology/xilinx/scripts/xilinxcoregen.gen 
Execute           source C:/Xilinx/Vivado/2018.3/common/technology/xilinx/interface/XilEDKCoreGen.gen 
Execute           source C:/Xilinx/Vivado/2018.3/common/technology/xilinx/ip/dds_compiler.gen 
Execute           source C:/Xilinx/Vivado/2018.3/common/technology/xilinx/ip/util.gen 
Execute           source C:/Xilinx/Vivado/2018.3/common/technology/xilinx/ip/xfft.gen 
Command           ap_source done; 0.146 sec.
Execute           source C:/Xilinx/Vivado/2018.3/common/technology/xilinx/ip/xfir.gen 
Command         ap_source done; 0.208 sec.
Execute         source C:/Xilinx/Vivado/2018.3/common/technology/xilinx/common/dsp48.gen 
Command       ap_source done; 0.212 sec.
Command     ap_source done; 0.212 sec.
Execute     open_platform DefaultPlatform 
Execute     import_lib C:/Xilinx/Vivado/2018.3/common/technology/xilinx/zynq/zynq_fpv6 
Execute       source C:/Xilinx/Vivado/2018.3/common/technology/xilinx/common/xilinx_fpv7.lib 
Execute         source C:/Xilinx/Vivado/2018.3/common/technology/xilinx/common/xilinx_hp.lib 
Execute       source C:/Xilinx/Vivado/2018.3/common/technology/xilinx/common/xilinx_fpv.hlp 
Execute         source C:/Xilinx/Vivado/2018.3/common/technology/xilinx/common/xilinx.hlp 
Execute           source C:/Xilinx/Vivado/2018.3/common/technology/xilinx/common/target_info.tcl 
Execute           source C:/Xilinx/Vivado/2018.3/common/technology/xilinx/interface/xilinx_interface.hlp 
Execute             source C:/Xilinx/Vivado/2018.3/common/technology/xilinx/interface/maxi.hlp 
Execute             source C:/Xilinx/Vivado/2018.3/common/technology/xilinx/interface/saxilite.hlp 
Execute           source C:/Xilinx/Vivado/2018.3/common/technology/xilinx/common/dsp48.hlp 
Execute       source C:/Xilinx/Vivado/2018.3/common/technology/xilinx/zynq/zynq_hp.hlp 
Execute     source C:/Xilinx/Vivado/2018.3/common/technology/xilinx/zynq/zynq_fpv6.gen 
Execute       source C:/Xilinx/Vivado/2018.3/common/technology/xilinx/common/xilinx_fpv6.gen 
Execute     set_part xc7z020clg484-1 
Execute       add_library xilinx/zynq/zynq:xc7z020:clg484:-1 
Execute         get_default_platform 
Execute         license_isbetapart xc7z020 
Command         license_isbetapart done; error code: 1; 
Execute         get_default_platform 
Execute         config_chip_info -quiet -resource  {SLICE 13300}  {LUT 53200}     {FF 106400} {DSP48E 220}   {BRAM 280}  
Execute         config_chip_info -quiet -speed slow 
Execute       add_library xilinx/zynq/zynq_fpv6 
Execute         get_default_platform 
INFO: [HLS 200-10] Setting target device to 'xc7z020clg484-1'
Execute       get_default_platform 
Execute     get_default_platform 
Execute     config_chip_info -quiet -resource  {SLICE 13300}  {LUT 53200}     {FF 106400} {DSP48E 220}   {BRAM 280}  
Execute     config_chip_info -quiet -speed slow 
Command   open_solution done; 0.392 sec.
Execute   cosim_design 
Execute     source D:/HLS_PROJECT/histogram/solution2/.autopilot/db/global.setting.tcl 
Execute     source D:/HLS_PROJECT/histogram/solution2/.autopilot/db/global.setting.tcl 
Execute     source D:/HLS_PROJECT/histogram/solution2/.autopilot/db/global.setting.tcl 
INFO-FLOW: DBG:CMD: read_platform_lib D:/HLS_PROJECT/histogram/solution2/.autopilot/db/global.setting.tcl
Execute     source C:/Xilinx/Vivado/2018.3/common/technology/generic/autopilot/common.gen 
Execute       source C:/Xilinx/Vivado/2018.3/common/technology/generic/autopilot/APCoreGen.gen 
Execute     source C:/Xilinx/Vivado/2018.3/common/technology/generic/autopilot/op.gen 
Execute     source C:/Xilinx/Vivado/2018.3/common/technology/generic/autopilot/op_simcore.gen 
Execute     source C:/Xilinx/Vivado/2018.3/common/technology/generic/autopilot/interface.gen 
Execute     source D:/HLS_PROJECT/histogram/solution2/.autopilot/db/global.setting.tcl 
Execute     source C:/Xilinx/Vivado/2018.3/common/technology/xilinx/zynq/zynq.gen 
Execute       source C:/Xilinx/Vivado/2018.3/common/technology/xilinx/common/virtex.gen 
Execute         source C:/Xilinx/Vivado/2018.3/common/technology/xilinx/common/xilinx.gen 
Execute           source C:/Xilinx/Vivado/2018.3/common/technology/xilinx/interface/plb46.gen 
Execute           source C:/Xilinx/Vivado/2018.3/common/technology/xilinx/interface/fsl.gen 
Execute           source C:/Xilinx/Vivado/2018.3/common/technology/xilinx/interface/axi4.gen 
Execute           source C:/Xilinx/Vivado/2018.3/common/technology/xilinx/interface/nativeAXI4.gen 
Execute             source C:/Xilinx/Vivado/2018.3/common/technology/xilinx/interface/saxilite.gen 
Execute             source C:/Xilinx/Vivado/2018.3/common/technology/xilinx/interface/maxi.gen 
Execute           source C:/Xilinx/Vivado/2018.3/common/technology/xilinx/scripts/xilinxcoregen.gen 
Execute           source C:/Xilinx/Vivado/2018.3/common/technology/xilinx/interface/XilEDKCoreGen.gen 
Execute           source C:/Xilinx/Vivado/2018.3/common/technology/xilinx/ip/dds_compiler.gen 
Execute           source C:/Xilinx/Vivado/2018.3/common/technology/xilinx/ip/util.gen 
Execute           source C:/Xilinx/Vivado/2018.3/common/technology/xilinx/ip/xfft.gen 
Command           ap_source done; 0.133 sec.
Execute           source C:/Xilinx/Vivado/2018.3/common/technology/xilinx/ip/xfir.gen 
Command         ap_source done; 0.191 sec.
Execute         source C:/Xilinx/Vivado/2018.3/common/technology/xilinx/common/dsp48.gen 
Command       ap_source done; 0.196 sec.
Command     ap_source done; 0.196 sec.
Execute     source C:/Xilinx/Vivado/2018.3/common/technology/xilinx/zynq/zynq_fpv6.gen 
Execute       source C:/Xilinx/Vivado/2018.3/common/technology/xilinx/common/xilinx_fpv6.gen 
INFO-FLOW: DBG:CMD:   using AESL_AUTOCG::g_clock_period=10.000 (was NA)
Execute     source D:/HLS_PROJECT/histogram/solution2/.autopilot/db/global.setting.tcl 
Execute     source D:/HLS_PROJECT/histogram/solution2/.autopilot/db/doHist.rtl_wrap.cfg.tcl 
Execute     source D:/HLS_PROJECT/histogram/solution2/.autopilot/db/doHist.tbgen.tcl 
Execute     is_encrypted D:/HLS_PROJECT/histogram/test_core.cpp 
Execute     is_encrypted D:/imgpr/cvt_colour.cpp 
Execute     is_encrypted D:/HLS_PROJECT/histogram/leenawithoutcontrast.bmp 
Execute     is_encrypted D:/HLS_PROJECT/histogram/core.h 
Execute     is_encrypted D:/HLS_PROJECT/histogram/core.cpp 
Execute     is_encrypted D:/HLS_PROJECT/histogram/LennaColour320240.bmp 
Execute     source D:/HLS_PROJECT/histogram/solution2/.autopilot/db/doHist.tbgen.tcl 
Execute     source D:/HLS_PROJECT/histogram/solution2/.autopilot/db/doHist.tbgen.tcl 
INFO: [COSIM 212-47] Using XSIM for RTL simulation.
INFO: [COSIM 212-14] Instrumenting C test bench ...
Execute     get_default_platform 
INFO-FLOW: TB processing: D:/HLS_PROJECT/histogram/test_core.cpp D:/HLS_PROJECT/histogram/solution2/./sim/autowrap/testbench/test_core.cpp_pre.cpp
Execute     tidy_31 xilinx-tb-xfmat D:/HLS_PROJECT/histogram/solution2/./sim/autowrap/testbench/test_core.cpp_pre.cpp std=c++11 
INFO-FLOW: exec C:/Xilinx/Vivado/2018.3/win64/tools/clang-3.9-csynth/bin/tidy-3.1 -header-filter=.* -checks=-*,xilinx-tb-xfmat -quiet -fix-errors D:/HLS_PROJECT/histogram/solution2/./sim/autowrap/testbench/test_core.cpp_pre.cpp -- -std=c++11 -fhls -ferror-limit=0
Command     tidy_31 done; 3.869 sec.
INFO-FLOW: Marker-Pragma convertor: D:/HLS_PROJECT/histogram/solution2/./sim/autowrap/testbench/test_core.cpp_pre.cpp D:/HLS_PROJECT/histogram/solution2/./sim/autowrap/testbench/test_core.cpp_pre.cpp.line.cpp ./sim/autowrap/testbench/line.tmp 1
INFO-FLOW: Converting Markers to Pragmas...
INFO-FLOW: Marker-Pragma convertor: D:/HLS_PROJECT/histogram/solution2/./sim/autowrap/testbench/test_core.cpp_pre.cpp.tb.cpp.line D:/HLS_PROJECT/histogram/solution2/./sim/autowrap/testbench/test_core.cpp_pre.cpp.tb.cpp ./sim/autowrap/testbench/line.tmp 0
INFO-FLOW: Converting Pragmas to Markers...
Execute     get_default_platform 
INFO-FLOW: TB processing: D:/imgpr/cvt_colour.cpp D:/HLS_PROJECT/histogram/solution2/./sim/autowrap/testbench/cvt_colour.cpp_pre.cpp
Execute     tidy_31 xilinx-tb-xfmat D:/HLS_PROJECT/histogram/solution2/./sim/autowrap/testbench/cvt_colour.cpp_pre.cpp std=c++11 
INFO-FLOW: exec C:/Xilinx/Vivado/2018.3/win64/tools/clang-3.9-csynth/bin/tidy-3.1 -header-filter=.* -checks=-*,xilinx-tb-xfmat -quiet -fix-errors D:/HLS_PROJECT/histogram/solution2/./sim/autowrap/testbench/cvt_colour.cpp_pre.cpp -- -std=c++11 -fhls -ferror-limit=0
Command     tidy_31 done; 4.032 sec.
INFO-FLOW: Marker-Pragma convertor: D:/HLS_PROJECT/histogram/solution2/./sim/autowrap/testbench/cvt_colour.cpp_pre.cpp D:/HLS_PROJECT/histogram/solution2/./sim/autowrap/testbench/cvt_colour.cpp_pre.cpp.line.cpp ./sim/autowrap/testbench/line.tmp 1
INFO-FLOW: Converting Markers to Pragmas...
INFO-FLOW: Marker-Pragma convertor: D:/HLS_PROJECT/histogram/solution2/./sim/autowrap/testbench/cvt_colour.cpp_pre.cpp.tb.cpp.line D:/HLS_PROJECT/histogram/solution2/./sim/autowrap/testbench/cvt_colour.cpp_pre.cpp.tb.cpp ./sim/autowrap/testbench/line.tmp 0
INFO-FLOW: Converting Pragmas to Markers...
Execute     get_default_platform 
INFO-FLOW: TB processing: D:/HLS_PROJECT/histogram/core.cpp D:/HLS_PROJECT/histogram/solution2/./sim/autowrap/testbench/core.cpp_pre.cpp
Execute     tidy_31 xilinx-tb-xfmat D:/HLS_PROJECT/histogram/solution2/./sim/autowrap/testbench/core.cpp_pre.cpp std=c++11 
INFO-FLOW: exec C:/Xilinx/Vivado/2018.3/win64/tools/clang-3.9-csynth/bin/tidy-3.1 -header-filter=.* -checks=-*,xilinx-tb-xfmat -quiet -fix-errors D:/HLS_PROJECT/histogram/solution2/./sim/autowrap/testbench/core.cpp_pre.cpp -- -std=c++11 -fhls -ferror-limit=0
Command     tidy_31 done; 1.129 sec.
INFO-FLOW: Marker-Pragma convertor: D:/HLS_PROJECT/histogram/solution2/./sim/autowrap/testbench/core.cpp_pre.cpp D:/HLS_PROJECT/histogram/solution2/./sim/autowrap/testbench/core.cpp_pre.cpp.line.cpp ./sim/autowrap/testbench/line.tmp 1
INFO-FLOW: Converting Markers to Pragmas...
INFO-FLOW: Marker-Pragma convertor: D:/HLS_PROJECT/histogram/solution2/./sim/autowrap/testbench/core.cpp_pre.cpp.tb.cpp.line D:/HLS_PROJECT/histogram/solution2/./sim/autowrap/testbench/core.cpp_pre.cpp.tb.cpp ./sim/autowrap/testbench/line.tmp 0
INFO-FLOW: Converting Pragmas to Markers...
Execute     source D:/HLS_PROJECT/histogram/solution2/./sim/autowrap/testbench/tb.status.tcl 
Execute     source D:/HLS_PROJECT/histogram/solution2/.autopilot/db/global.setting.tcl 
Execute     source D:/HLS_PROJECT/histogram/solution2/.autopilot/db/doHist.rtl_wrap.cfg.tcl 
Execute     source D:/HLS_PROJECT/histogram/solution2/.autopilot/db/doHist.rtl_wrap.cfg.tcl 
Execute     source D:/HLS_PROJECT/histogram/solution2/.autopilot/db/doHist.rtl_wrap.cfg.tcl 
Execute     source D:/HLS_PROJECT/histogram/solution2/.autopilot/db/doHist.tbgen.tcl 
Execute     source D:/HLS_PROJECT/histogram/solution2/.autopilot/db/doHist.tbgen.tcl 
Execute     get_default_platform 
Execute     source .run_sim.tcl 
INFO: [COSIM 212-302] Starting C TB testing ... 
Command     ap_source done; 3.016 sec.
INFO: [COSIM 212-333] Generating C post check test bench ...
Execute     get_default_platform 
INFO: [COSIM 212-12] Generating RTL test bench ...
Execute     source D:/HLS_PROJECT/histogram/solution2/.autopilot/db/doHist.tbgen.tcl 
Execute     source D:/HLS_PROJECT/histogram/solution2/.autopilot/db/doHist.tbgen.tcl 
Execute     source D:/HLS_PROJECT/histogram/solution2/.autopilot/db/doHist.tbgen.tcl 
Execute     source D:/HLS_PROJECT/histogram/solution2/.autopilot/db/doHist.tbgen.tcl 
Execute     source ../tv/cdatafile/ref.tcl 
Execute     source D:/HLS_PROJECT/histogram/solution2/.autopilot/db/doHist.tbgen.tcl 
Execute     source D:/HLS_PROJECT/histogram/solution2/.autopilot/db/doHist.tbgen.tcl 
Execute     source D:/HLS_PROJECT/histogram/solution2/.autopilot/db/doHist.tbgen.tcl 
Execute     source D:/HLS_PROJECT/histogram/solution2/.autopilot/db/doHist.tbgen.tcl 
Execute     source D:/HLS_PROJECT/histogram/solution2/.autopilot/db/doHist.tbgen.tcl 
Execute     source D:/HLS_PROJECT/histogram/solution2/.autopilot/db/doHist.tbgen.tcl 
Execute     source D:/HLS_PROJECT/histogram/solution2/.autopilot/db/doHist.tbgen.tcl 
Execute     source D:/HLS_PROJECT/histogram/solution2/.autopilot/db/doHist.tbgen.tcl 
Execute     source D:/HLS_PROJECT/histogram/solution2/.autopilot/db/doHist.tbgen.tcl 
Execute     source D:/HLS_PROJECT/histogram/solution2/.autopilot/db/doHist.tbgen.tcl 
Execute     source D:/HLS_PROJECT/histogram/solution2/.autopilot/db/doHist.tbgen.tcl 
Execute     source D:/HLS_PROJECT/histogram/solution2/.autopilot/db/doHist.tbgen.tcl 
Execute     source D:/HLS_PROJECT/histogram/solution2/.autopilot/db/doHist.tbgen.tcl 
Execute     source D:/HLS_PROJECT/histogram/solution2/.autopilot/db/doHist.tbgen.tcl 
Execute     source D:/HLS_PROJECT/histogram/solution2/.autopilot/db/doHist.tbgen.tcl 
Execute     source D:/HLS_PROJECT/histogram/solution2/.autopilot/db/doHist.tbgen.tcl 
Execute     source ../tv/cdatafile/ref.tcl 
Execute     source D:/HLS_PROJECT/histogram/solution2/.autopilot/db/doHist.tbgen.tcl 
Execute     source D:/HLS_PROJECT/histogram/solution2/.autopilot/db/doHist.tbgen.tcl 
Execute     source D:/HLS_PROJECT/histogram/solution2/.autopilot/db/doHist.tbgen.tcl 
Execute     source D:/HLS_PROJECT/histogram/solution2/.autopilot/db/doHist.tbgen.tcl 
Execute     source D:/HLS_PROJECT/histogram/solution2/.autopilot/db/doHist.tbgen.tcl 
Execute     source D:/HLS_PROJECT/histogram/solution2/.autopilot/db/doHist.tbgen.tcl 
Execute     source D:/HLS_PROJECT/histogram/solution2/.autopilot/db/doHist.tbgen.tcl 
Execute     source D:/HLS_PROJECT/histogram/solution2/.autopilot/db/doHist.tbgen.tcl 
Execute     source D:/HLS_PROJECT/histogram/solution2/.autopilot/db/doHist.tbgen.tcl 
Execute     source D:/HLS_PROJECT/histogram/solution2/.autopilot/db/doHist.tbgen.tcl 
Execute     source D:/HLS_PROJECT/histogram/solution2/.autopilot/db/doHist.tbgen.tcl 
Execute     source .run_sim.tcl 
Execute       source check_sim.tcl 
Execute       source .sim.status.tcl 
INFO: [COSIM 212-323] Starting verilog simulation. 
INFO: [COSIM 212-15] Starting XSIM ...
INFO: [COSIM 212-316] Starting C post checking ...
Command     ap_source done; 28.744 sec.
INFO: [COSIM 212-1000] *** C/RTL co-simulation finished: PASS ***
INFO: [COSIM 212-211] II is measurable only when transaction number is greater than 1 in RTL simulation. Otherwise, they will be marked as all NA. If user wants to calculate them, please make sure there are at least 2 transactions in RTL simulation.
Command   cosim_design done; 171.618 sec.
Command ap_source done; 172.02 sec.
Execute cleanup_all 
